{"ts": "2026-06-15T13:44:11.587484+00:00", "type": "step", "step_index": 1, "input_tokens": 32875, "output_tokens": 93, "active_hypothesis_id": null}
{"ts": "2026-06-15T13:44:11.594127+00:00", "type": "before_tool", "tool_name": "form_hypothesis", "tool_args_summary": "{\"statement\": \"If the rocba host was compromised or used for unauthorized data access, the Sigma ingest detections will identify high-severity activity such as suspicious logons, data staging, or exfiltration tooling to anchor the investigation.\", \"specialist\": \"LOG\", \"evidence_expected\": [\"High-severity Sigma detection records related to logon/access, suspicious execution, cloud transfer, or data staging\"]}", "agent_step": 1, "active_hypothesis_id": null}
{"ts": "2026-06-15T13:44:11.598454+00:00", "type": "after_tool", "tool_name": "form_hypothesis", "audit_id": null, "result_sha256": "024860bc5a98821da31bcefcc078ba8df751cdf3468e5a3e24cc158e0bc8bedd", "elapsed_ms": 4.327914, "agent_step": 1, "active_hypothesis_id": "H-001", "success": true}
{"ts": "2026-06-15T13:44:13.381592+00:00", "type": "step", "step_index": 2, "input_tokens": 33054, "output_tokens": 19, "active_hypothesis_id": "H-001"}
{"ts": "2026-06-15T13:44:13.394479+00:00", "type": "before_tool", "tool_name": "list_detections", "tool_args_summary": "{\"limit\": 20}", "agent_step": 2, "active_hypothesis_id": "H-001"}
{"ts": "2026-06-15T13:44:16.715289+00:00", "type": "after_tool", "tool_name": "list_detections", "audit_id": "sift-analyst-20260615-436", "result_sha256": "0af821fedf806ee499ff229797e330879922aea682bfb77df2066a234271d894", "elapsed_ms": 3320.803445, "agent_step": 2, "active_hypothesis_id": "H-001", "success": true}
{"ts": "2026-06-15T13:44:24.860123+00:00", "type": "step", "step_index": 3, "input_tokens": 36674, "output_tokens": 388, "active_hypothesis_id": "H-001"}
{"ts": "2026-06-15T13:44:24.864478+00:00", "type": "before_tool", "tool_name": "record_observation", "tool_args_summary": "{\"text\": \"Sigma detection samples show failed Security logon attempts for ADMINISTRATOR from 136.144.176.69 and for administrator from 213.202.233.90, both with event_id=4625 and LogonType=3.\", \"cited_spans\": [{\"record_id\": 2514145, \"span_text\": \"SIGMA DETECTION level=medium rule=Failed Logon Attempt tags=credential_access,t1110 event_id=4625 channel=Security TargetUserName=ADMINISTRATOR SubjectUserName=- IpAddress=136.144.176.69 WorkstationName=- LogonType=3\"}, {\"record_id\": 2514142, \"span_text\": \"SIGMA DETECTION level=medium rule=Failed Logon Attempt tags=credential_access,t1110 event_id=4625 channel=Security TargetUserName=administrator SubjectUserName=- IpAddress=213.202.233.90 WorkstationName=Remmina LogonType=3\"}]}", "agent_step": 3, "active_hypothesis_id": "H-001"}
{"ts": "2026-06-15T13:44:31.098298+00:00", "type": "after_tool", "tool_name": "record_observation", "audit_id": "sift-analyst-20260615-438", "result_sha256": "4ca8d5567aab4fb4f4a20f5a3e4e1fda9eb058d4dbe1d92d064240dd6f3ce94c", "elapsed_ms": 6233.807767, "agent_step": 3, "active_hypothesis_id": "H-001", "success": true}
{"ts": "2026-06-15T13:44:39.186214+00:00", "type": "step", "step_index": 4, "input_tokens": 37036, "output_tokens": 190, "active_hypothesis_id": "H-001"}
{"ts": "2026-06-15T13:44:39.191891+00:00", "type": "before_tool", "tool_name": "record_interpretation", "tool_args_summary": "{\"confidence\": \"HIGH\", \"justification\": \"The cited Sigma records explicitly identify Security event_id=4625 failed logon detections tagged credential_access,t1110 against administrator variants, including source IP addresses and LogonType=3. The detections are samples from a very large set of medium detections, so they establish hostile authentication pressure but not successful access on their own.\", \"observation_id\": \"O-001\", \"text\": \"The host experienced credential-guessing or password-spray style failed network logon attempts against administrator-named accounts from external IP addresses; this anchors Q4 as attempted network logon access but does not by itself prove compromise.\", \"what_would_change_this_confidence\": \"Confidence would decrease if the underlying Security records contradicted the Sigma extraction, or increase in scope if raw successful logons from the same IPs or immediately following these failures were found.\"}", "agent_step": 4, "active_hypothesis_id": "H-001"}
{"ts": "2026-06-15T13:44:39.228621+00:00", "type": "after_tool", "tool_name": "record_interpretation", "audit_id": "sift-analyst-20260615-439", "result_sha256": "fb66752ec9117bdff716a5f32ac4c7c7b21751978e1b7b1b02f115a32755002c", "elapsed_ms": 36.729474, "agent_step": 4, "active_hypothesis_id": "H-001", "success": true}
{"ts": "2026-06-15T13:44:44.159449+00:00", "type": "step", "step_index": 5, "input_tokens": 37368, "output_tokens": 196, "active_hypothesis_id": "H-001"}
{"ts": "2026-06-15T13:44:44.162670+00:00", "type": "before_tool", "tool_name": "confirm_hypothesis", "tool_args_summary": "{\"hypothesis_id\": \"H-001\", \"evidence_audit_ids\": [\"O-001\", \"I-001\"]}", "agent_step": 5, "active_hypothesis_id": "H-001"}
{"ts": "2026-06-15T13:44:44.166757+00:00", "type": "after_tool", "tool_name": "confirm_hypothesis", "audit_id": null, "result_sha256": "199f10fb46bd2ceabc2bed725f949a24ab3b3fbea6dbca1d504695d1457559ae", "elapsed_ms": 4.085382, "agent_step": 5, "active_hypothesis_id": null, "success": true}
{"ts": "2026-06-15T13:44:48.885507+00:00", "type": "step", "step_index": 6, "input_tokens": 37435, "output_tokens": 176, "active_hypothesis_id": null}
{"ts": "2026-06-15T13:44:48.889281+00:00", "type": "before_tool", "tool_name": "form_hypothesis", "tool_args_summary": "{\"statement\": \"If the failed network logon activity led to actual access, Security or Terminal Services logs will show successful logons to a local account on the rocba host during the same November 2020 period.\", \"specialist\": \"LOG\", \"evidence_expected\": [\"Security event_id=4624 records with LogonType 10 or 3\", \"Terminal Services session connection records naming a user or source address\"]}", "agent_step": 6, "active_hypothesis_id": null}
{"ts": "2026-06-15T13:44:48.892260+00:00", "type": "after_tool", "tool_name": "form_hypothesis", "audit_id": null, "result_sha256": "2de142339cc078f1beb873e4517cabb33a610b660da56202d1c19b352f3a69e5", "elapsed_ms": 2.97712, "agent_step": 6, "active_hypothesis_id": "H-002", "success": true}
{"ts": "2026-06-15T13:44:53.989504+00:00", "type": "step", "step_index": 7, "input_tokens": 37613, "output_tokens": 154, "active_hypothesis_id": "H-002"}
{"ts": "2026-06-15T13:44:53.994669+00:00", "type": "before_tool", "tool_name": "search_evidence", "tool_args_summary": "{\"query\": \"event_id=4624 AND LogonType=10\", \"source_tool\": \"evtx:Security\", \"limit\": 20}", "agent_step": 7, "active_hypothesis_id": "H-002"}
{"ts": "2026-06-15T13:44:53.996528+00:00", "type": "before_tool", "tool_name": "search_evidence", "tool_args_summary": "{\"query\": \"event_id=4624 AND LogonType=3\", \"source_tool\": \"evtx:Security\", \"limit\": 20}", "agent_step": 7, "active_hypothesis_id": "H-002"}
{"ts": "2026-06-15T13:44:53.998223+00:00", "type": "before_tool", "tool_name": "search_evidence", "tool_args_summary": "{\"query\": \"RemoteDesktop OR TerminalServices OR Session\", \"source_tool\": null, \"limit\": 20}", "agent_step": 7, "active_hypothesis_id": "H-002"}
{"ts": "2026-06-15T13:44:54.019423+00:00", "type": "after_tool", "tool_name": "search_evidence", "audit_id": null, "result_sha256": "9c61adc6daa103bd9b267da9f21a6e193e0cd82c1b5d910e1b627666411f5773", "elapsed_ms": 24.752855, "agent_step": 7, "active_hypothesis_id": "H-002", "success": true}
{"ts": "2026-06-15T13:44:54.072490+00:00", "type": "after_tool", "tool_name": "search_evidence", "audit_id": null, "result_sha256": "b52cfcf424d969e6f0c43954303b8e14d18b38f288b412419ff2b2c0122a851c", "elapsed_ms": 75.955804, "agent_step": 7, "active_hypothesis_id": "H-002", "success": true}
{"ts": "2026-06-15T13:44:54.077099+00:00", "type": "after_tool", "tool_name": "search_evidence", "audit_id": "sift-analyst-20260615-442", "result_sha256": "8bd3f286af88f85c94f8f3fc37041e885d2e8b3af2338b61a137fcf3892ba174", "elapsed_ms": 78.869878, "agent_step": 7, "active_hypothesis_id": "H-002", "success": true}
{"ts": "2026-06-15T13:44:57.837551+00:00", "type": "step", "step_index": 8, "input_tokens": 40986, "output_tokens": 187, "active_hypothesis_id": "H-002"}
{"ts": "2026-06-15T13:44:57.841022+00:00", "type": "before_tool", "tool_name": "search_evidence", "tool_args_summary": "{\"query\": \"4624 AND LogonType AND 10\", \"source_tool\": \"evtx:Security\", \"limit\": 50}", "agent_step": 8, "active_hypothesis_id": "H-002"}
{"ts": "2026-06-15T13:44:57.843654+00:00", "type": "before_tool", "tool_name": "search_evidence", "tool_args_summary": "{\"query\": \"4624 AND LogonType AND 3\", \"source_tool\": \"evtx:Security\", \"limit\": 50}", "agent_step": 8, "active_hypothesis_id": "H-002"}
{"ts": "2026-06-15T13:44:57.845259+00:00", "type": "before_tool", "tool_name": "search_evidence", "tool_args_summary": "{\"query\": \"4624 AND LogonType AND 10\", \"source_tool\": null, \"limit\": 50}", "agent_step": 8, "active_hypothesis_id": "H-002"}
{"ts": "2026-06-15T13:44:57.846641+00:00", "type": "before_tool", "tool_name": "search_evidence", "tool_args_summary": "{\"query\": \"4624 AND LogonType AND 3\", \"source_tool\": null, \"limit\": 50}", "agent_step": 8, "active_hypothesis_id": "H-002"}
{"ts": "2026-06-15T13:44:57.940501+00:00", "type": "after_tool", "tool_name": "search_evidence", "audit_id": "sift-analyst-20260615-444", "result_sha256": "ce69190edbfc421f6dd057ef91ba94adef577a9d691ebff6746de9bb8c08c8d8", "elapsed_ms": 99.474144, "agent_step": 8, "active_hypothesis_id": "H-002", "success": true}
{"ts": "2026-06-15T13:44:58.172881+00:00", "type": "after_tool", "tool_name": "search_evidence", "audit_id": "sift-analyst-20260615-446", "result_sha256": "9ca72e6537d2939fac28e45a460d7a0b532268914ad5d4729e70621860e82ba3", "elapsed_ms": 329.221789, "agent_step": 8, "active_hypothesis_id": "H-002", "success": true}
{"ts": "2026-06-15T13:44:58.285118+00:00", "type": "after_tool", "tool_name": "search_evidence", "audit_id": "sift-analyst-20260615-448", "result_sha256": "be4065658ecc9ce76416ce6c55e596b5c8003d512051ce0db85cc8d77e9832c0", "elapsed_ms": 439.851765, "agent_step": 8, "active_hypothesis_id": "H-002", "success": true}
{"ts": "2026-06-15T13:44:58.287228+00:00", "type": "after_tool", "tool_name": "search_evidence", "audit_id": "sift-analyst-20260615-450", "result_sha256": "83eb8efb007c4e9e76c09811c44f9191afb006f3b69456896421407a43f323bc", "elapsed_ms": 440.586261, "agent_step": 8, "active_hypothesis_id": "H-002", "success": true}
{"ts": "2026-06-15T13:45:02.487182+00:00", "type": "step", "step_index": 9, "input_tokens": 84210, "output_tokens": 115, "active_hypothesis_id": "H-002"}
{"ts": "2026-06-15T13:45:02.495529+00:00", "type": "before_tool", "tool_name": "search_evidence", "tool_args_summary": "{\"query\": \"fred.rocba@outlook.com AND LogonType AND 10\", \"source_tool\": \"evtx:Security\", \"limit\": 20}", "agent_step": 9, "active_hypothesis_id": "H-002"}
{"ts": "2026-06-15T13:45:02.506296+00:00", "type": "after_tool", "tool_name": "search_evidence", "audit_id": null, "result_sha256": "eac7875ac60fbc148c3d8adbd2715dd81c0894f86ef00009cff52fe2ec7e3ea3", "elapsed_ms": 10.764974, "agent_step": 9, "active_hypothesis_id": "H-002", "success": true}
{"ts": "2026-06-15T13:45:14.457389+00:00", "type": "step", "step_index": 10, "input_tokens": 84309, "output_tokens": 926, "active_hypothesis_id": "H-002"}
{"ts": "2026-06-15T13:45:14.461726+00:00", "type": "before_tool", "tool_name": "record_observation", "tool_args_summary": "{\"text\": \"Security and Sigma records show successful logons on SRL-FORGE for srl-h, fredr, and fred.rocba@outlook.com: srl-h had EventID=4624 LogonType=3 from 174.196.200.9 on 2020-11-10, fredr had EventID=4624 LogonType=3 from 52.249.198.56 with WorkstationName=cobra on 2020-11-14, and Sigma flagged fred.rocba@outlook.com as an RDP Interactive Logon with LogonType=10 from 52.249.198.56 on 2020-11-14.\", \"cited_spans\": [{\"record_id\": 2162361, \"span_text\": \"EventID=4624 Security provider=Microsoft-Windows-Security-Auditing computer=SRL-FORGE SubjectUserSid=S-1-0-0 SubjectUserName=- SubjectDomainName=- SubjectLogonId=0x0 TargetUserSid=S-1-5-21-528816539-567677750-276746561-1001 TargetUserName=srl-h TargetDomainName=SRL-FORGE TargetLogonId=0x200803 LogonType=3 LogonProcessName=NtLmSsp AuthenticationPackageName=NTLM WorkstationName=- LogonGuid=00000000-0000-0000-0000-000000000000 TransmittedServices=- LmPackageName=NTLM V2 KeyLength=128 ProcessId=0x0 ProcessName=- IpAddress=174.196.200.9 IpPort=0 ImpersonationLeve", "agent_step": 10, "active_hypothesis_id": "H-002"}
{"ts": "2026-06-15T13:45:14.520060+00:00", "type": "after_tool", "tool_name": "record_observation", "audit_id": "sift-analyst-20260615-453", "result_sha256": "2da64194382eba1602f516fb5d81dffa779553a42de158a81153dc675eab5f0e", "elapsed_ms": 58.330886, "agent_step": 10, "active_hypothesis_id": "H-002", "success": true}
{"ts": "2026-06-15T13:45:20.673512+00:00", "type": "step", "step_index": 11, "input_tokens": 85192, "output_tokens": 252, "active_hypothesis_id": "H-002"}
{"ts": "2026-06-15T13:45:20.678401+00:00", "type": "before_tool", "tool_name": "record_interpretation", "tool_args_summary": "{\"confidence\": \"HIGH\", \"justification\": \"The cited records explicitly show successful Security event 4624 logons for local account names srl-h and fredr with network LogonType=3 and source IPs. The Sigma record explicitly flags an RDP Interactive Logon for fred.rocba@outlook.com with LogonType=10 from the same 52.249.198.56 address seen for fredr network logons. This directly answers which accounts were accessed and how access occurred at the logon layer, though it does not prove whether the user was authorized.\", \"observation_id\": \"O-002\", \"text\": \"Accounts srl-h, fredr, and fred.rocba@outlook.com were accessed via successful network/RDP logons; the notable access path was NTLM network logon and RDP interactive logon from external IP addresses 174.196.200.9 and 52.249.198.56.\", \"what_would_change_this_confidence\": \"Confidence would decrease if the Sigma RDP detection were not corroborated by the underlying Security record; confidence about authorization would require identity/provider or VPN records tying th", "agent_step": 11, "active_hypothesis_id": "H-002"}
{"ts": "2026-06-15T13:45:20.699707+00:00", "type": "after_tool", "tool_name": "record_interpretation", "audit_id": "sift-analyst-20260615-454", "result_sha256": "a6b9f881c44990e5a550e07f3b4971c1cb7b9fb76d12cc2dca80853681845d63", "elapsed_ms": 21.303556, "agent_step": 11, "active_hypothesis_id": "H-002", "success": true}
{"ts": "2026-06-15T13:45:24.459455+00:00", "type": "step", "step_index": 12, "input_tokens": 85587, "output_tokens": 119, "active_hypothesis_id": "H-002"}
{"ts": "2026-06-15T13:45:24.463242+00:00", "type": "before_tool", "tool_name": "confirm_hypothesis", "tool_args_summary": "{\"hypothesis_id\": \"H-002\", \"evidence_audit_ids\": [\"O-002\", \"I-002\"]}", "agent_step": 12, "active_hypothesis_id": "H-002"}
{"ts": "2026-06-15T13:45:24.466460+00:00", "type": "after_tool", "tool_name": "confirm_hypothesis", "audit_id": null, "result_sha256": "72b6f84384a5aa0e625b9157ce87945a198b61e73a09a437e9a8e7300a8fe6cb", "elapsed_ms": 3.209002, "agent_step": 12, "active_hypothesis_id": null, "success": true}
{"ts": "2026-06-15T13:45:31.091207+00:00", "type": "step", "step_index": 13, "input_tokens": 85654, "output_tokens": 206, "active_hypothesis_id": null}
{"ts": "2026-06-15T13:45:31.098496+00:00", "type": "before_tool", "tool_name": "form_hypothesis", "tool_args_summary": "{\"statement\": \"If data was staged or accessed for removal, the user's Recent LNK or JumpList records will show SRL project files, exports, or collected folders opened around the successful November 2020 logons.\", \"specialist\": \"DISK\", \"evidence_expected\": [\"Recent LNK records for SRL project files or exports\", \"JumpList records showing access to sensitive project folders or staged collections\", \"MFT/USN records for archive or export files\"]}", "agent_step": 13, "active_hypothesis_id": null}
{"ts": "2026-06-15T13:45:31.103722+00:00", "type": "after_tool", "tool_name": "form_hypothesis", "audit_id": null, "result_sha256": "a85415cb36c54a1c2960cb348f78b330c347a088a0db59ebbb85607e133a6665", "elapsed_ms": 5.22298, "agent_step": 13, "active_hypothesis_id": "H-003", "success": true}
{"ts": "2026-06-15T13:45:35.681658+00:00", "type": "step", "step_index": 14, "input_tokens": 85844, "output_tokens": 155, "active_hypothesis_id": "H-003"}
{"ts": "2026-06-15T13:45:35.688300+00:00", "type": "before_tool", "tool_name": "search_evidence", "tool_args_summary": "{\"query\": \"SRL AND Projects\", \"source_tool\": \"lnk\", \"limit\": 50}", "agent_step": 14, "active_hypothesis_id": "H-003"}
{"ts": "2026-06-15T13:45:35.690927+00:00", "type": "before_tool", "tool_name": "search_evidence", "tool_args_summary": "{\"query\": \"Exported OR PST OR EMAIL OR interest OR SRL\", \"source_tool\": \"lnk\", \"limit\": 50}", "agent_step": 14, "active_hypothesis_id": "H-003"}
{"ts": "2026-06-15T13:45:35.694839+00:00", "type": "before_tool", "tool_name": "search_evidence", "tool_args_summary": "{\"query\": \"Airwolf OR Gunstar OR KITT OR Vibrainium OR Adamantium\", \"source_tool\": \"lnk\", \"limit\": 50}", "agent_step": 14, "active_hypothesis_id": "H-003"}
{"ts": "2026-06-15T13:45:35.697078+00:00", "type": "before_tool", "tool_name": "search_evidence", "tool_args_summary": "{\"query\": \"Google Drive OR OneDrive OR Dropbox OR iCloud\", \"source_tool\": \"lnk\", \"limit\": 50}", "agent_step": 14, "active_hypothesis_id": "H-003"}
{"ts": "2026-06-15T13:45:35.803382+00:00", "type": "after_tool", "tool_name": "search_evidence", "audit_id": "sift-analyst-20260615-455", "result_sha256": "5fa502aa77516af0ee58b22267bff91e0a7fbab7de02abf92d50aad9f26ad9d3", "elapsed_ms": 115.08115, "agent_step": 14, "active_hypothesis_id": "H-003", "success": true}
{"ts": "2026-06-15T13:45:41.995376+00:00", "type": "after_tool", "tool_name": "search_evidence", "audit_id": "sift-analyst-20260615-457", "result_sha256": "6e4656103ae0cd0707526024087167fbfa4a106d76725ce74722c327051e614a", "elapsed_ms": 6304.441325, "agent_step": 14, "active_hypothesis_id": "H-003", "success": true}
{"ts": "2026-06-15T13:45:42.427369+00:00", "type": "after_tool", "tool_name": "search_evidence", "audit_id": "sift-analyst-20260615-459", "result_sha256": "7bb3b7183af8f7f572db522c15cce91a7bf5a60a4af74911666c2058c817a5d2", "elapsed_ms": 6732.522001, "agent_step": 14, "active_hypothesis_id": "H-003", "success": true}
{"ts": "2026-06-15T13:45:42.429365+00:00", "type": "after_tool", "tool_name": "search_evidence", "audit_id": "sift-analyst-20260615-461", "result_sha256": "7aff76f78d416acde8d919d0e8446c098999c840060a756c94a7afddc8688b31", "elapsed_ms": 6732.28502, "agent_step": 14, "active_hypothesis_id": "H-003", "success": true}
{"ts": "2026-06-15T13:45:50.886510+00:00", "type": "step", "step_index": 15, "input_tokens": 105493, "output_tokens": 453, "active_hypothesis_id": "H-003"}
{"ts": "2026-06-15T13:45:50.891669+00:00", "type": "before_tool", "tool_name": "record_observation", "tool_args_summary": "{\"text\": \"Recent LNK records for fredr show access to SRL project and export data, including SRL-Projects - Airwolf, SRL-Projects - Blue Thunder, SRL-Projects - Gunstar, SRL-EMAIL-EXPORT.pst, Files of interest, and Files from SRL system.\", \"cited_spans\": [{\"record_id\": 2514417, \"span_text\": \"LNK target=C:\\\\Users\\\\fredr\\\\Stark Research Labs\\\\SRL-Projects - Airwolf\"}, {\"record_id\": 2514418, \"span_text\": \"LNK target=F:\\\\Key Data\\\\SRL-Projects - Blue Thunder\"}, {\"record_id\": 2514419, \"span_text\": \"LNK target=G:\\\\My Drive\\\\STARK-RESEARCH-LABS FOLDER\\\\SRL-Projects - Gunstar\"}, {\"record_id\": 2514416, \"span_text\": \"LNK target=G:\\\\My Drive\\\\STARK-RESEARCH-LABS FOLDER\\\\Exported-PST\\\\SRL-EMAIL-EXPORT.pst workdir=G:\\\\My Drive\\\\STARK-RESEARCH-LABS FOLDER\\\\Exported-PST\"}, {\"record_id\": 2514357, \"span_text\": \"LNK target=F:\\\\Files of interest\"}, {\"record_id\": 2514356, \"span_text\": \"LNK target=F:\\\\Files from SRL system\"}]}", "agent_step": 15, "active_hypothesis_id": "H-003"}
{"ts": "2026-06-15T13:45:50.936282+00:00", "type": "after_tool", "tool_name": "record_observation", "audit_id": "sift-analyst-20260615-463", "result_sha256": "0f58b5ed5fdeeb2590e64dc9f3c58b1844c92b26c12fc0a24afa6f2ff74e444a", "elapsed_ms": 44.611485, "agent_step": 15, "active_hypothesis_id": "H-003", "success": true}
{"ts": "2026-06-15T13:45:58.429483+00:00", "type": "step", "step_index": 16, "input_tokens": 105932, "output_tokens": 279, "active_hypothesis_id": "H-003"}
{"ts": "2026-06-15T13:45:58.441606+00:00", "type": "before_tool", "tool_name": "record_interpretation", "tool_args_summary": "{\"confidence\": \"HIGH\", \"justification\": \"The cited LNK records explicitly identify Recent shortcut targets under fredr's profile for SRL project folders (Airwolf, Blue Thunder, Gunstar), an exported PST file, and staging-like folders named Files of interest and Files from SRL system. Several of these records are timestamped on 2020-11-14 in the search results, close to successful fredr logons, but the observation deliberately cites only target paths because those are the verbatim spans available in the records.\", \"observation_id\": \"O-003\", \"text\": \"The data accessed included SRL project folders and an exported email PST, with evidence of staging or collection folders on F: and Google Drive/My Drive paths. This supports Q2, what data was taken or targeted, but LNK records show access/path references rather than proving the file contents were successfully exfiltrated.\", \"what_would_change_this_confidence\": \"Confidence would decrease if the LNK records were shown to be stale or unrelated to the November logons; ", "agent_step": 16, "active_hypothesis_id": "H-003"}
{"ts": "2026-06-15T13:45:58.466600+00:00", "type": "after_tool", "tool_name": "record_interpretation", "audit_id": "sift-analyst-20260615-464", "result_sha256": "6bc563fbdbc9d61c5faaf505f433b13ad2b6698ace7ca267da9091ca98e9fb44", "elapsed_ms": 24.992983, "agent_step": 16, "active_hypothesis_id": "H-003", "success": true}
{"ts": "2026-06-15T13:46:02.961273+00:00", "type": "step", "step_index": 17, "input_tokens": 106325, "output_tokens": 86, "active_hypothesis_id": "H-003"}
{"ts": "2026-06-15T13:46:02.966834+00:00", "type": "before_tool", "tool_name": "confirm_hypothesis", "tool_args_summary": "{\"hypothesis_id\": \"H-003\", \"evidence_audit_ids\": [\"O-003\", \"I-003\"]}", "agent_step": 17, "active_hypothesis_id": "H-003"}
{"ts": "2026-06-15T13:46:02.970841+00:00", "type": "after_tool", "tool_name": "confirm_hypothesis", "audit_id": null, "result_sha256": "3c53931129e67bf2c65eabe39f467b01768f8feada2db54b18e6049a74e9c322", "elapsed_ms": 4.005575, "agent_step": 17, "active_hypothesis_id": null, "success": true}
{"ts": "2026-06-15T13:46:18.224887+00:00", "type": "step", "step_index": 18, "input_tokens": 106392, "output_tokens": 180, "active_hypothesis_id": null}
{"ts": "2026-06-15T13:46:18.230194+00:00", "type": "before_tool", "tool_name": "form_hypothesis", "tool_args_summary": "{\"statement\": \"If the accessed SRL project and email data was transferred off-host, transfer evidence will point to cloud-sync locations such as Google Drive/My Drive, OneDrive, Dropbox, or external-volume paths in LNK/SRUM/prefetch records around 2020-11-14.\", \"specialist\": \"NETWORK\", \"evidence_expected\": [\"LNK or JumpList targets under G:\\\\My Drive or OneDrive/Dropbox paths for the accessed data\", \"Prefetch execution for GoogleDriveFS/OneDrive/Dropbox near the activity\", \"SRUM network usage records for cloud-sync applications\"]}", "agent_step": 18, "active_hypothesis_id": null}
{"ts": "2026-06-15T13:46:18.236313+00:00", "type": "after_tool", "tool_name": "form_hypothesis", "audit_id": null, "result_sha256": "5da7584abce1262e5fe4abcb6e4fc667c6b0046b7d4e75e9780d7dbda7644c83", "elapsed_ms": 6.111573, "agent_step": 18, "active_hypothesis_id": "H-004", "success": true}
{"ts": "2026-06-15T13:46:26.592241+00:00", "type": "step", "step_index": 19, "input_tokens": 106623, "output_tokens": 340, "active_hypothesis_id": "H-004"}
{"ts": "2026-06-15T13:46:26.597326+00:00", "type": "before_tool", "tool_name": "search_evidence", "tool_args_summary": "{\"query\": \"GoogleDriveFS OR GoogleDriveFSSetup OR GOOGLEDRIVEFS\", \"source_tool\": \"prefetch\", \"limit\": 20}", "agent_step": 19, "active_hypothesis_id": "H-004"}
{"ts": "2026-06-15T13:46:26.599878+00:00", "type": "before_tool", "tool_name": "search_evidence", "tool_args_summary": "{\"query\": \"OneDrive OR ONEDRIVE\", \"source_tool\": \"prefetch\", \"limit\": 20}", "agent_step": 19, "active_hypothesis_id": "H-004"}
{"ts": "2026-06-15T13:46:26.601141+00:00", "type": "before_tool", "tool_name": "search_evidence", "tool_args_summary": "{\"query\": \"Dropbox OR DROPBOX\", \"source_tool\": \"prefetch\", \"limit\": 20}", "agent_step": 19, "active_hypothesis_id": "H-004"}
{"ts": "2026-06-15T13:46:26.602920+00:00", "type": "before_tool", "tool_name": "search_evidence", "tool_args_summary": "{\"query\": \"GoogleDriveFS OR OneDrive OR Dropbox\", \"source_tool\": \"srum:network_usage\", \"limit\": 50}", "agent_step": 19, "active_hypothesis_id": "H-004"}
{"ts": "2026-06-15T13:46:26.643226+00:00", "type": "after_tool", "tool_name": "search_evidence", "audit_id": "sift-analyst-20260615-465", "result_sha256": "6241840695934a3e596ecefec6e264247598fcd30096d9759193585a0b909ba1", "elapsed_ms": 45.895634, "agent_step": 19, "active_hypothesis_id": "H-004", "success": true}
{"ts": "2026-06-15T13:46:26.709001+00:00", "type": "after_tool", "tool_name": "search_evidence", "audit_id": "sift-analyst-20260615-467", "result_sha256": "8035154398f33f6d0f0bb503922d5cb1df297b994b13098e8dd50fc1de98665d", "elapsed_ms": 109.116221, "agent_step": 19, "active_hypothesis_id": "H-004", "success": true}
{"ts": "2026-06-15T13:46:26.741477+00:00", "type": "after_tool", "tool_name": "search_evidence", "audit_id": "sift-analyst-20260615-469", "result_sha256": "598c29a336f6754fcffcabbc8e37ab77943c3339afc36574ce29441595180b97", "elapsed_ms": 140.330012, "agent_step": 19, "active_hypothesis_id": "H-004", "success": true}
{"ts": "2026-06-15T13:46:26.744217+00:00", "type": "after_tool", "tool_name": "search_evidence", "audit_id": "sift-analyst-20260615-471", "result_sha256": "2958d5ea74aac417240bd8c902b803be48cfd8750a91153a1b73b97065bb6ca0", "elapsed_ms": 141.297412, "agent_step": 19, "active_hypothesis_id": "H-004", "success": true}
{"ts": "2026-06-15T13:46:45.837596+00:00", "type": "step", "step_index": 20, "input_tokens": 153284, "output_tokens": 801, "active_hypothesis_id": "H-004"}
{"ts": "2026-06-15T13:46:45.842592+00:00", "type": "before_tool", "tool_name": "record_observation", "tool_args_summary": "{\"text\": \"Transfer-related artifacts show SRL data paths under Google Drive File Stream/My Drive and OneDrive, and execution of GoogleDriveFS, OneDrive, and Dropbox client components.\", \"cited_spans\": [{\"record_id\": 2514416, \"span_text\": \"LNK target=G:\\\\My Drive\\\\STARK-RESEARCH-LABS FOLDER\\\\Exported-PST\\\\SRL-EMAIL-EXPORT.pst workdir=G:\\\\My Drive\\\\STARK-RESEARCH-LABS FOLDER\\\\Exported-PST\"}, {\"record_id\": 2514419, \"span_text\": \"LNK target=G:\\\\My Drive\\\\STARK-RESEARCH-LABS FOLDER\\\\SRL-Projects - Gunstar\"}, {\"record_id\": 2514339, \"span_text\": \"LNK target=C:\\\\Users\\\\fredr\\\\OneDrive\\\\Documents\\\\Outlook Files\\\\backup.pst workdir=C:\\\\Users\\\\fredr\\\\OneDrive\\\\Documents\\\\Outlook Files\"}, {\"record_id\": 2478961, \"span_text\": \"Prefetch exe=GOOGLEDRIVEFS.EXE run_count=22\"}, {\"record_id\": 2479000, \"span_text\": \"Prefetch exe=ONEDRIVE.EXE run_count=11\"}, {\"record_id\": 2478947, \"span_text\": \"Prefetch exe=DROPBOX.EXE run_count=2\"}]}", "agent_step": 20, "active_hypothesis_id": "H-004"}
{"ts": "2026-06-15T13:46:45.881146+00:00", "type": "after_tool", "tool_name": "record_observation", "audit_id": "sift-analyst-20260615-473", "result_sha256": "5130350a2f2eb8dd9999afa250b0df68a657357b6741c328f39ef794f962f146", "elapsed_ms": 38.551697, "agent_step": 20, "active_hypothesis_id": "H-004", "success": true}
{"ts": "2026-06-15T13:46:52.136866+00:00", "type": "step", "step_index": 21, "input_tokens": 153886, "output_tokens": 336, "active_hypothesis_id": "H-004"}
{"ts": "2026-06-15T13:46:52.141553+00:00", "type": "before_tool", "tool_name": "record_observation", "tool_args_summary": "{\"text\": \"Transfer-related artifacts show SRL data paths under G:\\\\My Drive and C:\\\\Users\\\\fredr\\\\OneDrive, and execution of GOOGLEDRIVEFS.EXE, ONEDRIVE.EXE, and DROPBOX.EXE client components.\", \"cited_spans\": [{\"record_id\": 2514416, \"span_text\": \"LNK target=G:\\\\My Drive\\\\STARK-RESEARCH-LABS FOLDER\\\\Exported-PST\\\\SRL-EMAIL-EXPORT.pst workdir=G:\\\\My Drive\\\\STARK-RESEARCH-LABS FOLDER\\\\Exported-PST\"}, {\"record_id\": 2514419, \"span_text\": \"LNK target=G:\\\\My Drive\\\\STARK-RESEARCH-LABS FOLDER\\\\SRL-Projects - Gunstar\"}, {\"record_id\": 2514339, \"span_text\": \"LNK target=C:\\\\Users\\\\fredr\\\\OneDrive\\\\Documents\\\\Outlook Files\\\\backup.pst workdir=C:\\\\Users\\\\fredr\\\\OneDrive\\\\Documents\\\\Outlook Files\"}, {\"record_id\": 2478961, \"span_text\": \"Prefetch exe=GOOGLEDRIVEFS.EXE run_count=22\"}, {\"record_id\": 2479000, \"span_text\": \"Prefetch exe=ONEDRIVE.EXE run_count=11\"}, {\"record_id\": 2478947, \"span_text\": \"Prefetch exe=DROPBOX.EXE run_count=2\"}]}", "agent_step": 21, "active_hypothesis_id": "H-004"}
{"ts": "2026-06-15T13:46:52.173195+00:00", "type": "after_tool", "tool_name": "record_observation", "audit_id": "sift-analyst-20260615-474", "result_sha256": "8415a866787e09dee781e9af0fadae3b95d9c14d0048ca706b1f0d9c5aa89c19", "elapsed_ms": 31.639463, "agent_step": 21, "active_hypothesis_id": "H-004", "success": true}
{"ts": "2026-06-15T13:46:57.529873+00:00", "type": "step", "step_index": 22, "input_tokens": 154523, "output_tokens": 324, "active_hypothesis_id": "H-004"}
{"ts": "2026-06-15T13:46:57.534850+00:00", "type": "before_tool", "tool_name": "record_observation", "tool_args_summary": "{\"text\": \"Transfer-related artifacts show SRL data paths under G:\\\\My Drive and C:\\\\Users\\\\fredr\\\\OneDrive. Transfer-related artifacts also show execution of GOOGLEDRIVEFS.EXE, execution of ONEDRIVE.EXE, and execution of DROPBOX.EXE client components.\", \"cited_spans\": [{\"record_id\": 2514416, \"span_text\": \"LNK target=G:\\\\My Drive\\\\STARK-RESEARCH-LABS FOLDER\\\\Exported-PST\\\\SRL-EMAIL-EXPORT.pst workdir=G:\\\\My Drive\\\\STARK-RESEARCH-LABS FOLDER\\\\Exported-PST\"}, {\"record_id\": 2514419, \"span_text\": \"LNK target=G:\\\\My Drive\\\\STARK-RESEARCH-LABS FOLDER\\\\SRL-Projects - Gunstar\"}, {\"record_id\": 2514339, \"span_text\": \"LNK target=C:\\\\Users\\\\fredr\\\\OneDrive\\\\Documents\\\\Outlook Files\\\\backup.pst workdir=C:\\\\Users\\\\fredr\\\\OneDrive\\\\Documents\\\\Outlook Files\"}, {\"record_id\": 2478961, \"span_text\": \"Prefetch exe=GOOGLEDRIVEFS.EXE run_count=22\"}, {\"record_id\": 2479000, \"span_text\": \"Prefetch exe=ONEDRIVE.EXE run_count=11\"}, {\"record_id\": 2478947, \"span_text\": \"Prefetch exe=DROPBOX.EXE run_count=2\"}]}", "agent_step": 22, "active_hypothesis_id": "H-004"}
{"ts": "2026-06-15T13:46:57.565109+00:00", "type": "after_tool", "tool_name": "record_observation", "audit_id": "sift-analyst-20260615-475", "result_sha256": "9a5b8f01ad4264603ea3e8ee4f05c586ee58f7ee6a3a0452fa7f1403c6cf805f", "elapsed_ms": 30.257762, "agent_step": 22, "active_hypothesis_id": "H-004", "success": true}
{"ts": "2026-06-15T13:47:03.115558+00:00", "type": "step", "step_index": 23, "input_tokens": 155159, "output_tokens": 342, "active_hypothesis_id": "H-004"}
{"ts": "2026-06-15T13:47:03.120629+00:00", "type": "before_tool", "tool_name": "record_observation", "tool_args_summary": "{\"text\": \"Transfer-related artifacts show SRL data paths in G:\\\\My Drive and an Outlook PST path in C:\\\\Users\\\\fredr\\\\OneDrive\\\\Documents\\\\Outlook Files. Transfer-related artifacts also show execution of GOOGLEDRIVEFS.EXE, ONEDRIVE.EXE, and DROPBOX.EXE client components.\", \"cited_spans\": [{\"record_id\": 2514416, \"span_text\": \"LNK target=G:\\\\My Drive\\\\STARK-RESEARCH-LABS FOLDER\\\\Exported-PST\\\\SRL-EMAIL-EXPORT.pst workdir=G:\\\\My Drive\\\\STARK-RESEARCH-LABS FOLDER\\\\Exported-PST\"}, {\"record_id\": 2514419, \"span_text\": \"LNK target=G:\\\\My Drive\\\\STARK-RESEARCH-LABS FOLDER\\\\SRL-Projects - Gunstar\"}, {\"record_id\": 2514339, \"span_text\": \"LNK target=C:\\\\Users\\\\fredr\\\\OneDrive\\\\Documents\\\\Outlook Files\\\\backup.pst workdir=C:\\\\Users\\\\fredr\\\\OneDrive\\\\Documents\\\\Outlook Files\"}, {\"record_id\": 2478961, \"span_text\": \"Prefetch exe=GOOGLEDRIVEFS.EXE run_count=22\"}, {\"record_id\": 2479000, \"span_text\": \"Prefetch exe=ONEDRIVE.EXE run_count=11\"}, {\"record_id\": 2478947, \"span_text\": \"Prefetch exe=DROPBOX.EXE run_count=2\"}]}", "agent_step": 23, "active_hypothesis_id": "H-004"}
{"ts": "2026-06-15T13:47:03.156817+00:00", "type": "after_tool", "tool_name": "record_observation", "audit_id": "sift-analyst-20260615-476", "result_sha256": "8e52932f9e80f6dd4240680ddcec0aa8d25f393e6d9d6bfcbe12eff58e72248f", "elapsed_ms": 36.187167, "agent_step": 23, "active_hypothesis_id": "H-004", "success": true}
{"ts": "2026-06-15T13:47:08.973719+00:00", "type": "step", "step_index": 24, "input_tokens": 155811, "output_tokens": 359, "active_hypothesis_id": "H-004"}
{"ts": "2026-06-15T13:47:08.978785+00:00", "type": "before_tool", "tool_name": "record_observation", "tool_args_summary": "{\"text\": \"Transfer-related artifacts show SRL data paths in G:\\\\My Drive and an Outlook PST path in C:\\\\Users\\\\fredr\\\\OneDrive\\\\Documents\\\\Outlook Files. A prefetch artifact shows execution of GOOGLEDRIVEFS.EXE. A prefetch artifact shows execution of ONEDRIVE.EXE. A prefetch artifact shows execution of DROPBOX.EXE.\", \"cited_spans\": [{\"record_id\": 2514416, \"span_text\": \"LNK target=G:\\\\My Drive\\\\STARK-RESEARCH-LABS FOLDER\\\\Exported-PST\\\\SRL-EMAIL-EXPORT.pst workdir=G:\\\\My Drive\\\\STARK-RESEARCH-LABS FOLDER\\\\Exported-PST\"}, {\"record_id\": 2514419, \"span_text\": \"LNK target=G:\\\\My Drive\\\\STARK-RESEARCH-LABS FOLDER\\\\SRL-Projects - Gunstar\"}, {\"record_id\": 2514339, \"span_text\": \"LNK target=C:\\\\Users\\\\fredr\\\\OneDrive\\\\Documents\\\\Outlook Files\\\\backup.pst workdir=C:\\\\Users\\\\fredr\\\\OneDrive\\\\Documents\\\\Outlook Files\"}, {\"record_id\": 2478961, \"span_text\": \"Prefetch exe=GOOGLEDRIVEFS.EXE run_count=22\"}, {\"record_id\": 2479000, \"span_text\": \"Prefetch exe=ONEDRIVE.EXE run_count=11\"}, {\"record_id\": 2478947, \"span_text\": \"Prefe", "agent_step": 24, "active_hypothesis_id": "H-004"}
{"ts": "2026-06-15T13:47:09.025130+00:00", "type": "after_tool", "tool_name": "record_observation", "audit_id": "sift-analyst-20260615-477", "result_sha256": "40a10c6dffa3765dc15f1c31d46360ec513846dd9581123488aaf6cadd8dfcb7", "elapsed_ms": 46.342868, "agent_step": 24, "active_hypothesis_id": "H-004", "success": true}
{"ts": "2026-06-15T13:47:16.918569+00:00", "type": "step", "step_index": 25, "input_tokens": 156285, "output_tokens": 356, "active_hypothesis_id": "H-004"}
{"ts": "2026-06-15T13:47:16.923042+00:00", "type": "before_tool", "tool_name": "record_interpretation", "tool_args_summary": "{\"confidence\": \"MEDIUM\", \"justification\": \"The cited LNK records explicitly place SRL project and PST data under G:\\\\My Drive and OneDrive paths, and the cited prefetch records show the Google Drive, OneDrive, and Dropbox client executables ran. This supports likely cloud-sync transfer destinations, especially for the G:\\\\My Drive and OneDrive paths. Confidence is medium rather than high because the cited artifacts show paths and client execution, not an item-level cloud upload completion record for each file.\", \"observation_id\": \"O-004\", \"text\": \"The likely transfer destinations were cloud-sync locations: G:\\\\My Drive for SRL project and exported PST data, and C:\\\\Users\\\\fredr\\\\OneDrive\\\\Documents\\\\Outlook Files for backup.pst; Google Drive, OneDrive, and Dropbox client execution was present around the activity window.\", \"what_would_change_this_confidence\": \"Confidence would increase with provider logs, OneDrive/Google Drive sync logs showing upload completion, or SRUM network usage for the exact sync applic", "agent_step": 25, "active_hypothesis_id": "H-004"}
{"ts": "2026-06-15T13:47:16.946392+00:00", "type": "after_tool", "tool_name": "record_interpretation", "audit_id": "sift-analyst-20260615-478", "result_sha256": "47fc552d34eff4dd93cff1faa9c945545b056d2c05b3b6d62747fef35fecf69f", "elapsed_ms": 23.345747, "agent_step": 25, "active_hypothesis_id": "H-004", "success": true}
{"ts": "2026-06-15T13:47:33.359094+00:00", "type": "step", "step_index": 26, "input_tokens": 156680, "output_tokens": 556, "active_hypothesis_id": "H-004"}
{"ts": "2026-06-15T13:47:33.364503+00:00", "type": "before_tool", "tool_name": "confirm_hypothesis", "tool_args_summary": "{\"hypothesis_id\": \"H-004\", \"evidence_audit_ids\": [\"O-004\", \"I-004\"]}", "agent_step": 26, "active_hypothesis_id": "H-004"}
{"ts": "2026-06-15T13:47:33.369126+00:00", "type": "after_tool", "tool_name": "confirm_hypothesis", "audit_id": null, "result_sha256": "39e4596339c35446a36da88c71548af786d490d302af149f3c285dba8fadee43", "elapsed_ms": 4.622713, "agent_step": 26, "active_hypothesis_id": null, "success": true}
{"ts": "2026-06-15T13:47:48.374778+00:00", "type": "step", "step_index": 27, "input_tokens": 156747, "output_tokens": 580, "active_hypothesis_id": null}
{"ts": "2026-06-15T13:47:48.380998+00:00", "type": "before_tool", "tool_name": "form_hypothesis", "tool_args_summary": "{\"statement\": \"If the incident timeline can be reconstructed, the case index will show a sequence linking successful November 2020 logons, SRL data access, cloud-sync client execution, and cleanup-related execution.\", \"specialist\": \"LOG\", \"evidence_expected\": [\"Security/Sigma logon records from November 2020\", \"LNK records for SRL data access around November 2020\", \"Prefetch records for sync and cleanup tooling around November 2020\"]}", "agent_step": 27, "active_hypothesis_id": null}
{"ts": "2026-06-15T13:47:48.386226+00:00", "type": "after_tool", "tool_name": "form_hypothesis", "audit_id": null, "result_sha256": "a940b3d6e010f02980a2f0fee6f6750be7c2038056f231eac6d996138d21c31a", "elapsed_ms": 5.226938, "agent_step": 27, "active_hypothesis_id": "H-005", "success": true}
{"ts": "2026-06-15T13:48:03.930311+00:00", "type": "step", "step_index": 28, "input_tokens": 156934, "output_tokens": 542, "active_hypothesis_id": "H-005"}
{"ts": "2026-06-15T13:48:03.934861+00:00", "type": "before_tool", "tool_name": "search_evidence", "tool_args_summary": "{\"query\": \"SDELETE\", \"source_tool\": \"prefetch\", \"limit\": 10}", "agent_step": 28, "active_hypothesis_id": "H-005"}
{"ts": "2026-06-15T13:48:03.962241+00:00", "type": "after_tool", "tool_name": "search_evidence", "audit_id": "sift-analyst-20260615-479", "result_sha256": "69e86dce3e0ac6df6b1a00cfc46fdd13677098aae9e0c4d4be2d51b0b3224846", "elapsed_ms": 27.367854, "agent_step": 28, "active_hypothesis_id": "H-005", "success": true}
{"ts": "2026-06-15T13:48:18.837611+00:00", "type": "step", "step_index": 29, "input_tokens": 160857, "output_tokens": 797, "active_hypothesis_id": "H-005"}
{"ts": "2026-06-15T13:48:18.842040+00:00", "type": "before_tool", "tool_name": "record_observation", "tool_args_summary": "{\"text\": \"The timeline includes successful access to srl-h from 174.196.200.9, successful access to fredr from 52.249.198.56, an RDP Interactive Logon for fred.rocba@outlook.com from 52.249.198.56, Recent LNK access to SRL-EMAIL-EXPORT.pst, execution of SDELETE.EXE, execution of DROPBOX.EXE, and execution of GOOGLEDRIVEFS.EXE.\", \"cited_spans\": [{\"record_id\": 2162361, \"span_text\": \"TargetUserName=srl-h TargetDomainName=SRL-FORGE TargetLogonId=0x200803 LogonType=3\"}, {\"record_id\": 2162361, \"span_text\": \"IpAddress=174.196.200.9\"}, {\"record_id\": 2301199, \"span_text\": \"TargetUserName=fredr TargetDomainName=SRL-FORGE TargetLogonId=0x52c0781 LogonType=3\"}, {\"record_id\": 2301199, \"span_text\": \"IpAddress=52.249.198.56\"}, {\"record_id\": 2371067, \"span_text\": \"SIGMA DETECTION level=medium rule=RDP Interactive Logon tags=lateral_movement,t1021.001 event_id=4624 channel=Security TargetUserName=fred.rocba@outlook.com SubjectUserName=SRL-FORGE$ IpAddress=52.249.198.56 WorkstationName=SRL-FORGE LogonType=10\"}, {\"record_id\": 2", "agent_step": 29, "active_hypothesis_id": "H-005"}
{"ts": "2026-06-15T13:48:18.877472+00:00", "type": "after_tool", "tool_name": "record_observation", "audit_id": "sift-analyst-20260615-481", "result_sha256": "0b3c0348f212b35bd2fd1cef4cf62a81240c8ac4f5d96042e3ac783eed7a1c5e", "elapsed_ms": 35.429968, "agent_step": 29, "active_hypothesis_id": "H-005", "success": true}
{"ts": "2026-06-15T13:49:06.949458+00:00", "type": "step", "step_index": 30, "input_tokens": 161477, "output_tokens": 740, "active_hypothesis_id": "H-005"}
{"ts": "2026-06-15T13:49:06.952602+00:00", "type": "before_tool", "tool_name": "record_interpretation", "tool_args_summary": "{\"confidence\": \"HIGH\", \"justification\": \"The cited records cover the incident sequence: account logons for srl-h and fredr, a Sigma RDP interactive logon for fred.rocba@outlook.com, LNK access to the exported PST under G:\\\\My Drive, SDELETE.EXE execution, and cloud-sync client execution. The record timestamps available in the index place these events in the November 2020 activity window, particularly 2020-11-10 and 2020-11-14.\", \"observation_id\": \"O-005\", \"text\": \"The activity timeline ties together successful account access, SRL/email data access, cloud-sync client execution, and cleanup-related SDELETE execution during the November 2020 incident window.\", \"what_would_change_this_confidence\": \"Confidence would decrease if event timestamp normalization was incorrect or if the cited artifacts were shown to be unrelated to the same user session; confidence would increase with a complete sessionized timeline from all Security, Prefetch, LNK, and SRUM records.\"}", "agent_step": 30, "active_hypothesis_id": "H-005"}
{"ts": "2026-06-15T13:49:06.971483+00:00", "type": "after_tool", "tool_name": "record_interpretation", "audit_id": "sift-analyst-20260615-482", "result_sha256": "bdfae626fdbaa2de78e700f5ba10c7788528917500af1494453eb90ec40893ed", "elapsed_ms": 18.879738, "agent_step": 30, "active_hypothesis_id": "H-005", "success": true}
{"ts": "2026-06-15T13:49:19.274197+00:00", "type": "step", "step_index": 31, "input_tokens": 162195, "output_tokens": 440, "active_hypothesis_id": "H-005"}
{"ts": "2026-06-15T13:49:19.279116+00:00", "type": "before_tool", "tool_name": "confirm_hypothesis", "tool_args_summary": "{\"hypothesis_id\": \"H-005\", \"evidence_audit_ids\": [\"O-005\", \"I-005\"]}", "agent_step": 31, "active_hypothesis_id": "H-005"}
{"ts": "2026-06-15T13:49:19.284557+00:00", "type": "after_tool", "tool_name": "confirm_hypothesis", "audit_id": null, "result_sha256": "f5f4079277a65b766ab8c24f254b3f318f3ce606bba6046ef24640520443af35", "elapsed_ms": 5.434875, "agent_step": 31, "active_hypothesis_id": null, "success": true}
{"ts": "2026-06-15T13:49:32.370366+00:00", "type": "step", "step_index": 32, "input_tokens": 162262, "output_tokens": 554, "active_hypothesis_id": null}
{"ts": "2026-06-15T13:49:32.374748+00:00", "type": "before_tool", "tool_name": "form_hypothesis", "tool_args_summary": "{\"statement\": \"If the challenged access and transfer findings are overstated, revised findings can be supported by the same records while removing dates and upload/sync conclusions that are not present in the cited record text.\", \"specialist\": \"LOG\", \"evidence_expected\": [\"Successful logon records that support account/source/logon-type without dates in observation text\", \"LNK and prefetch records that support path references and client execution without claiming completed transfer\"]}", "agent_step": 32, "active_hypothesis_id": null}
{"ts": "2026-06-15T13:49:32.379838+00:00", "type": "after_tool", "tool_name": "form_hypothesis", "audit_id": null, "result_sha256": "2c7b10a19395c83a8aafa352442d3dd3542d75ed261c34bd59405b4a01685bab", "elapsed_ms": 5.084913, "agent_step": 32, "active_hypothesis_id": "H-006", "success": true}
{"ts": "2026-06-15T13:49:47.530219+00:00", "type": "step", "step_index": 33, "input_tokens": 162442, "output_tokens": 1060, "active_hypothesis_id": "H-006"}
{"ts": "2026-06-15T13:49:47.534919+00:00", "type": "before_tool", "tool_name": "record_observation", "tool_args_summary": "{\"text\": \"Security and Sigma records show successful logons on SRL-FORGE for srl-h, fredr, and fred.rocba@outlook.com: srl-h had EventID=4624 LogonType=3 from 174.196.200.9; fredr had EventID=4624 LogonType=3 from 52.249.198.56 with WorkstationName=cobra; and Sigma flagged fred.rocba@outlook.com as an RDP Interactive Logon with LogonType=10 from 52.249.198.56.\", \"cited_spans\": [{\"record_id\": 2162361, \"span_text\": \"EventID=4624 Security provider=Microsoft-Windows-Security-Auditing computer=SRL-FORGE SubjectUserSid=S-1-0-0 SubjectUserName=- SubjectDomainName=- SubjectLogonId=0x0 TargetUserSid=S-1-5-21-528816539-567677750-276746561-1001 TargetUserName=srl-h TargetDomainName=SRL-FORGE TargetLogonId=0x200803 LogonType=3 LogonProcessName=NtLmSsp AuthenticationPackageName=NTLM WorkstationName=- LogonGuid=00000000-0000-0000-0000-000000000000 TransmittedServices=- LmPackageName=NTLM V2 KeyLength=128 ProcessId=0x0 ProcessName=- IpAddress=174.196.200.9 IpPort=0 ImpersonationLevel=%%1833 RestrictedAdminMode=- TargetOutbo", "agent_step": 33, "active_hypothesis_id": "H-006"}
