[
  {
    "group": "Execution",
    "kind": "individual",
    "document": {
      "data": {
        "Event": {
          "System": {
            "Channel": "Microsoft-Windows-PowerShell/Operational",
            "EventID": 4104,
            "EventRecordID": 1001
          },
          "EventData": {
            "ScriptBlockText": "powershell -encodedcommand aGVsbG8="
          }
        }
      }
    },
    "name": "Suspicious PowerShell Encoded Command",
    "timestamp": "2025-01-15T08:23:41Z",
    "authors": ["Florian Roth"],
    "level": "high",
    "source": "sigma",
    "status": "stable",
    "tags": ["attack.execution", "attack.t1059.001"]
  },
  {
    "group": "Defense Evasion",
    "kind": "individual",
    "document": {
      "data": {
        "Event": {
          "System": {
            "Channel": "Security",
            "EventID": 1102,
            "EventRecordID": 2048
          },
          "UserData": {
            "LogFileCleared": {
              "SubjectUserName": "attacker"
            }
          }
        }
      }
    },
    "name": "Audit Log Cleared",
    "timestamp": "2025-01-15T09:11:22Z",
    "authors": ["Michael Haag"],
    "level": "critical",
    "source": "sigma",
    "status": "stable",
    "tags": ["attack.defense_evasion", "attack.t1070.001"]
  },
  {
    "group": "Privilege Escalation",
    "kind": "individual",
    "document": {
      "data": {
        "Event": {
          "System": {
            "Channel": "Microsoft-Windows-Sysmon/Operational",
            "EventID": 8,
            "EventRecordID": 3072
          },
          "EventData": {
            "TargetProcessId": "1234",
            "GrantedAccess": "0x1fffff"
          }
        }
      }
    },
    "name": "Remote Thread Creation",
    "timestamp": "2025-01-15T10:45:00Z",
    "authors": ["WithSecure Labs"],
    "level": "medium",
    "source": "chainsaw",
    "status": "stable",
    "tags": ["attack.privilege_escalation", "attack.t1055"]
  }
]
