{"ts":"2026-06-15T06:50:40.056493Z","audit_id":"sift-analyst-20260615-006","tool":"search_evidence","params":{"query":"7045 OR \"service was installed\" OR \"Service File Name\"","host":null,"source_tool":"evtx:Security"},"result_summary":{"hit_count":1},"result_sha256":"b1c1244db92ef83764b866675f94aa57317d007389595067d707fc7b14219d87","stdout_path":"/root/silentwitness/cases/rocba/index.db","elapsed_ms":85.83710994571447,"examiner":"analyst","model_used":"openai:gpt-5.2","model_token_count":{}}
{"ts":"2026-06-15T06:50:40.106928Z","audit_id":"sift-analyst-20260615-008","tool":"search_evidence","params":{"query":"4698 OR \"scheduled task was created\" OR \"Task Name\"","host":null,"source_tool":"evtx:Security"},"result_summary":{"hit_count":1},"result_sha256":"b1c1244db92ef83764b866675f94aa57317d007389595067d707fc7b14219d87","stdout_path":"/root/silentwitness/cases/rocba/index.db","elapsed_ms":42.80875250697136,"examiner":"analyst","model_used":"openai:gpt-5.2","model_token_count":{}}
{"ts":"2026-06-15T06:50:40.193283Z","audit_id":"sift-analyst-20260615-010","tool":"search_evidence","params":{"query":"RunOnce OR \"\\\\Run\" OR \"\\\\RunOnce\" OR \"CurrentVersion\\\\Run\"","host":null,"source_tool":"regipy:software_run"},"result_summary":{"hit_count":0},"result_sha256":"3f5033ea2cac5daf244f41db3592730e46261197a49382b97bea571537e1e199","stdout_path":"/root/silentwitness/cases/rocba/index.db","elapsed_ms":78.50565481930971,"examiner":"analyst","model_used":"openai:gpt-5.2","model_token_count":{}}
{"ts":"2026-06-15T06:50:40.203223Z","audit_id":"sift-analyst-20260615-012","tool":"search_evidence","params":{"query":"RunOnce OR \"\\\\Run\" OR \"\\\\RunOnce\" OR \"CurrentVersion\\\\Run\"","host":null,"source_tool":"regipy:ntuser_run"},"result_summary":{"hit_count":0},"result_sha256":"3f5033ea2cac5daf244f41db3592730e46261197a49382b97bea571537e1e199","stdout_path":"/root/silentwitness/cases/rocba/index.db","elapsed_ms":3.204003907740116,"examiner":"analyst","model_used":"openai:gpt-5.2","model_token_count":{}}
{"ts":"2026-06-15T06:50:48.301867Z","audit_id":"sift-analyst-20260615-014","tool":"search_evidence","params":{"query":"4625 OR \"EventID=4625\"","host":null,"source_tool":"evtx:Security"},"result_summary":{"hit_count":50},"result_sha256":"46d08518c0f42b5b40a79d3a6eb133bca5433c85733ee7f7fac993f85840ed04","stdout_path":"/root/silentwitness/cases/rocba/index.db","elapsed_ms":2652.8054773807526,"examiner":"analyst","model_used":"openai:gpt-5.2","model_token_count":{}}
{"ts":"2026-06-15T06:51:09.566648Z","audit_id":"sift-analyst-20260615-017","tool":"search_evidence","params":{"query":"\"EventID=4625\" AND \"IpAddress=\"","host":null,"source_tool":"evtx:Security"},"result_summary":{"hit_count":10},"result_sha256":"3632cd6f1e2bb543dcaeea5dd51478a33c6aa22749ed36addcf01597a61ee5c7","stdout_path":"/root/silentwitness/cases/rocba/index.db","elapsed_ms":1464.5652631297708,"examiner":"analyst","model_used":"openai:gpt-5.2","model_token_count":{}}
{"ts":"2026-06-15T06:51:12.179245Z","audit_id":"sift-analyst-20260615-019","tool":"search_evidence","params":{"query":"\"EventID=4625\"","host":null,"source_tool":"evtx:Security"},"result_summary":{"hit_count":5},"result_sha256":"4ea91cf677897a301f99193544b7fdaada377e315336f6b1f87bcf022118925a","stdout_path":"/root/silentwitness/cases/rocba/index.db","elapsed_ms":1256.1971116811037,"examiner":"analyst","model_used":"openai:gpt-5.2","model_token_count":{}}
{"ts":"2026-06-15T06:55:47.622651Z","audit_id":"sift-analyst-20260615-024","tool":"search_evidence","params":{"query":"4624 OR \"Event ID 4624\" OR \"An account was successfully logged on\"","host":null,"source_tool":"evtx:Security"},"result_summary":{"hit_count":20},"result_sha256":"03f4700dad760e1cdc8b72468c13f82b02b1642a66d6ac5394be9089d8c25edd","stdout_path":"/root/silentwitness/cases/rocba/index.db","elapsed_ms":83.95997248589993,"examiner":"analyst","model_used":"openai:gpt-5.2","model_token_count":{}}
{"ts":"2026-06-15T06:55:50.404445Z","audit_id":"sift-analyst-20260615-026","tool":"search_evidence","params":{"query":"4688 OR \"A new process has been created\" OR \"ProcessName=\" OR \"New Process Name\"","host":null,"source_tool":"evtx:Security"},"result_summary":{"hit_count":20},"result_sha256":"03f4700dad760e1cdc8b72468c13f82b02b1642a66d6ac5394be9089d8c25edd","stdout_path":"/root/silentwitness/cases/rocba/index.db","elapsed_ms":1306.9048430770636,"examiner":"analyst","model_used":"openai:gpt-5.2","model_token_count":{}}
{"ts":"2026-06-15T06:55:55.034091Z","audit_id":"sift-analyst-20260615-029","tool":"search_evidence","params":{"query":"\"LogonType=10\" OR \"LogonType=3\" OR \"IpAddress=\"","host":null,"source_tool":"evtx:Security"},"result_summary":{"hit_count":20},"result_sha256":"03f4700dad760e1cdc8b72468c13f82b02b1642a66d6ac5394be9089d8c25edd","stdout_path":"/root/silentwitness/cases/rocba/index.db","elapsed_ms":1470.4768238589168,"examiner":"analyst","model_used":"openai:gpt-5.2","model_token_count":{}}
{"ts":"2026-06-15T06:55:56.398079Z","audit_id":"sift-analyst-20260615-031","tool":"get_record","params":{"record_id":1649505},"result_summary":{"found":true},"result_sha256":"e2a6cadcf46e91062e7d9e0c83813b5c3aa9915e14f6c08749372c6a0ccd0b67","stdout_path":"/root/silentwitness/cases/rocba/index.db","elapsed_ms":2.3825541138648987,"examiner":"analyst","model_used":"openai:gpt-5.2","model_token_count":{}}
{"ts":"2026-06-15T06:56:11.114089Z","audit_id":"sift-analyst-20260615-034","tool":"search_evidence","params":{"query":"\"EventID=4625\" OR \"EventID=4625 \" OR \"Event ID 4625\"","host":null,"source_tool":"evtx:Security"},"result_summary":{"hit_count":50},"result_sha256":"46d08518c0f42b5b40a79d3a6eb133bca5433c85733ee7f7fac993f85840ed04","stdout_path":"/root/silentwitness/cases/rocba/index.db","elapsed_ms":1646.489940583706,"examiner":"analyst","model_used":"openai:gpt-5.2","model_token_count":{}}
{"ts":"2026-06-15T06:56:22.845166Z","audit_id":"sift-analyst-20260615-037","tool":"timeline","params":{"host":"SRL-FORGE","source_tool":"evtx:Security"},"result_summary":{"count":10},"result_sha256":"0ab664d5059208caf469ca5dfd438b9f29fc5c8399e91a20a8fdbbef9307685c","stdout_path":"/root/silentwitness/cases/rocba/index.db","elapsed_ms":5327.606167644262,"examiner":"analyst","model_used":"openai:gpt-5.2","model_token_count":{}}
{"ts":"2026-06-15T07:13:54.141829Z","audit_id":"sift-analyst-20260615-044","tool":"search_evidence","params":{"query":"\"Event filter\" AND (Consumer OR Subscription)","host":null,"source_tool":"evtx:Microsoft-Windows-WMI-Activity%4Operational"},"result_summary":{"hit_count":0},"result_sha256":"3f5033ea2cac5daf244f41db3592730e46261197a49382b97bea571537e1e199","stdout_path":"/root/silentwitness/cases/rocba/index.db","elapsed_ms":11.427539400756359,"examiner":"analyst","model_used":"openai:gpt-5.2","model_token_count":{}}
{"ts":"2026-06-15T07:14:09.355323Z","audit_id":"sift-analyst-20260615-046","tool":"search_evidence","params":{"query":"(Run OR RunOnce) AND exe","host":null,"source_tool":"regipy:ntuser_run"},"result_summary":{"hit_count":0},"result_sha256":"3f5033ea2cac5daf244f41db3592730e46261197a49382b97bea571537e1e199","stdout_path":"/root/silentwitness/cases/rocba/index.db","elapsed_ms":28.73918041586876,"examiner":"analyst","model_used":"openai:gpt-5.2","model_token_count":{}}
{"ts":"2026-06-15T07:14:09.367908Z","audit_id":"sift-analyst-20260615-048","tool":"search_evidence","params":{"query":"(Run OR RunOnce) AND exe","host":null,"source_tool":"regipy:software_run"},"result_summary":{"hit_count":0},"result_sha256":"3f5033ea2cac5daf244f41db3592730e46261197a49382b97bea571537e1e199","stdout_path":"/root/silentwitness/cases/rocba/index.db","elapsed_ms":5.356398411095142,"examiner":"analyst","model_used":"openai:gpt-5.2","model_token_count":{}}
{"ts":"2026-06-15T07:14:09.377858Z","audit_id":"sift-analyst-20260615-050","tool":"search_evidence","params":{"query":"\"A scheduled task was created\" OR \"Task Scheduler\" AND created","host":null,"source_tool":"evtx:Security"},"result_summary":{"hit_count":0},"result_sha256":"3f5033ea2cac5daf244f41db3592730e46261197a49382b97bea571537e1e199","stdout_path":"/root/silentwitness/cases/rocba/index.db","elapsed_ms":3.9469674229621887,"examiner":"analyst","model_used":"openai:gpt-5.2","model_token_count":{}}
{"ts":"2026-06-15T07:14:09.398140Z","audit_id":"sift-analyst-20260615-052","tool":"search_evidence","params":{"query":"\"A service was installed\" OR \"service was installed\" OR 7045 OR 4697","host":null,"source_tool":"evtx:Security"},"result_summary":{"hit_count":50},"result_sha256":"46d08518c0f42b5b40a79d3a6eb133bca5433c85733ee7f7fac993f85840ed04","stdout_path":"/root/silentwitness/cases/rocba/index.db","elapsed_ms":13.80374189466238,"examiner":"analyst","model_used":"openai:gpt-5.2","model_token_count":{}}
{"ts":"2026-06-15T07:14:09.410664Z","audit_id":"sift-analyst-20260615-054","tool":"search_evidence","params":{"query":"permanent AND (subscription OR consumer OR filter)","host":null,"source_tool":"evtx:Microsoft-Windows-WMI-Activity%4Operational"},"result_summary":{"hit_count":0},"result_sha256":"3f5033ea2cac5daf244f41db3592730e46261197a49382b97bea571537e1e199","stdout_path":"/root/silentwitness/cases/rocba/index.db","elapsed_ms":5.533689633011818,"examiner":"analyst","model_used":"openai:gpt-5.2","model_token_count":{}}
{"ts":"2026-06-15T07:14:11.035686Z","audit_id":"sift-analyst-20260615-056","tool":"get_record","params":{"record_id":21956},"result_summary":{"found":true},"result_sha256":"e2a6cadcf46e91062e7d9e0c83813b5c3aa9915e14f6c08749372c6a0ccd0b67","stdout_path":"/root/silentwitness/cases/rocba/index.db","elapsed_ms":1.5445351600646973,"examiner":"analyst","model_used":"openai:gpt-5.2","model_token_count":{}}
{"ts":"2026-06-15T07:14:31.706286Z","audit_id":"sift-analyst-20260615-062","tool":"search_evidence","params":{"query":"\"Special privileges assigned to new logon\" OR 4672","host":null,"source_tool":"evtx:Security"},"result_summary":{"hit_count":50},"result_sha256":"46d08518c0f42b5b40a79d3a6eb133bca5433c85733ee7f7fac993f85840ed04","stdout_path":"/root/silentwitness/cases/rocba/index.db","elapsed_ms":61.43535580486059,"examiner":"analyst","model_used":"openai:gpt-5.2","model_token_count":{}}
{"ts":"2026-06-15T07:14:31.716811Z","audit_id":"sift-analyst-20260615-064","tool":"search_evidence","params":{"query":"\"An account was successfully logged on\" AND LogonType","host":null,"source_tool":"evtx:Security"},"result_summary":{"hit_count":0},"result_sha256":"3f5033ea2cac5daf244f41db3592730e46261197a49382b97bea571537e1e199","stdout_path":"/root/silentwitness/cases/rocba/index.db","elapsed_ms":2.6755398139357567,"examiner":"analyst","model_used":"openai:gpt-5.2","model_token_count":{}}
{"ts":"2026-06-15T07:14:33.761552Z","audit_id":"sift-analyst-20260615-066","tool":"search_evidence","params":{"query":"4624 AND LogonType","host":null,"source_tool":"evtx:Security"},"result_summary":{"hit_count":20},"result_sha256":"03f4700dad760e1cdc8b72468c13f82b02b1642a66d6ac5394be9089d8c25edd","stdout_path":"/root/silentwitness/cases/rocba/index.db","elapsed_ms":50.77381245791912,"examiner":"analyst","model_used":"openai:gpt-5.2","model_token_count":{}}
{"ts":"2026-06-15T07:14:46.022350Z","audit_id":"sift-analyst-20260615-068","tool":"search_evidence","params":{"query":"SDELETE OR VSSADMIN OR REGSVR32 OR RUNDLL32 OR SCHTASKS OR WEVTUTIL OR NETSH","host":null,"source_tool":null},"result_summary":{"hit_count":50},"result_sha256":"46d08518c0f42b5b40a79d3a6eb133bca5433c85733ee7f7fac993f85840ed04","stdout_path":"/root/silentwitness/cases/rocba/index.db","elapsed_ms":97.9079082608223,"examiner":"analyst","model_used":"openai:gpt-5.2","model_token_count":{}}
{"ts":"2026-06-15T07:14:47.749036Z","audit_id":"sift-analyst-20260615-072","tool":"get_record","params":{"record_id":21308},"result_summary":{"found":true},"result_sha256":"e2a6cadcf46e91062e7d9e0c83813b5c3aa9915e14f6c08749372c6a0ccd0b67","stdout_path":"/root/silentwitness/cases/rocba/index.db","elapsed_ms":1.3223011046648026,"examiner":"analyst","model_used":"openai:gpt-5.2","model_token_count":{}}
{"ts":"2026-06-15T07:15:01.105441Z","audit_id":"sift-analyst-20260615-077","tool":"get_record","params":{"record_id":241527},"result_summary":{"found":true},"result_sha256":"e2a6cadcf46e91062e7d9e0c83813b5c3aa9915e14f6c08749372c6a0ccd0b67","stdout_path":"/root/silentwitness/cases/rocba/index.db","elapsed_ms":1.3892659917473793,"examiner":"analyst","model_used":"openai:gpt-5.2","model_token_count":{}}
{"ts":"2026-06-15T07:15:11.725106Z","audit_id":"sift-analyst-20260615-083","tool":"search_evidence","params":{"query":"SDELETE EXE 0E837E93 pf","host":null,"source_tool":null},"result_summary":{"hit_count":1},"result_sha256":"b1c1244db92ef83764b866675f94aa57317d007389595067d707fc7b14219d87","stdout_path":"/root/silentwitness/cases/rocba/index.db","elapsed_ms":16.242370940744877,"examiner":"analyst","model_used":"openai:gpt-5.2","model_token_count":{}}
{"ts":"2026-06-15T07:17:56.746667Z","audit_id":"sift-analyst-20260615-090","tool":"search_evidence","params":{"query":"4697 OR 4698 OR 7045 OR \"A service was installed\" OR \"scheduled task\"","host":null,"source_tool":"evtx:Security"},"result_summary":{"hit_count":50},"result_sha256":"46d08518c0f42b5b40a79d3a6eb133bca5433c85733ee7f7fac993f85840ed04","stdout_path":"/root/silentwitness/cases/rocba/index.db","elapsed_ms":168.61352790147066,"examiner":"analyst","model_used":"openai:gpt-5.2","model_token_count":{}}
{"ts":"2026-06-15T07:17:58.265345Z","audit_id":"sift-analyst-20260615-092","tool":"get_record","params":{"record_id":21956},"result_summary":{"found":true},"result_sha256":"e2a6cadcf46e91062e7d9e0c83813b5c3aa9915e14f6c08749372c6a0ccd0b67","stdout_path":"/root/silentwitness/cases/rocba/index.db","elapsed_ms":1.261797733604908,"examiner":"analyst","model_used":"openai:gpt-5.2","model_token_count":{}}
{"ts":"2026-06-15T07:17:59.812416Z","audit_id":"sift-analyst-20260615-094","tool":"search_evidence","params":{"query":"4698 OR \"Task Name:\" OR \"Scheduled Task\"","host":null,"source_tool":"evtx:Security"},"result_summary":{"hit_count":1},"result_sha256":"b1c1244db92ef83764b866675f94aa57317d007389595067d707fc7b14219d87","stdout_path":"/root/silentwitness/cases/rocba/index.db","elapsed_ms":16.00357610732317,"examiner":"analyst","model_used":"openai:gpt-5.2","model_token_count":{}}
{"ts":"2026-06-15T07:18:21.630224Z","audit_id":"sift-analyst-20260615-100","tool":"search_evidence","params":{"query":"DbxSvc OR dbx OR \"dbx\"","host":null,"source_tool":null},"result_summary":{"hit_count":20},"result_sha256":"03f4700dad760e1cdc8b72468c13f82b02b1642a66d6ac5394be9089d8c25edd","stdout_path":"/root/silentwitness/cases/rocba/index.db","elapsed_ms":20.610811188817024,"examiner":"analyst","model_used":"openai:gpt-5.2","model_token_count":{}}
{"ts":"2026-06-15T10:41:25.695574Z","audit_id":"sift-analyst-20260615-102","tool":"list_detections","params":{"limit":20},"result_summary":{"total":542704,"by_level":{"medium":542647,"low":57}},"result_sha256":"8fa0f244c4d14c67e9ab1d0221a9ef53bbb0d1a7ead1b708450f602fb539bc5d","stdout_path":"/root/silentwitness/cases/rocba/index.db","elapsed_ms":3387.497629970312,"examiner":"analyst","model_used":"openai:gpt-5.2","model_token_count":{}}
{"ts":"2026-06-15T10:41:37.809505Z","audit_id":"sift-analyst-20260615-107","tool":"search_evidence","params":{"query":"4625 IpAddress","host":null,"source_tool":"evtx:Security"},"result_summary":{"hit_count":50},"result_sha256":"46d08518c0f42b5b40a79d3a6eb133bca5433c85733ee7f7fac993f85840ed04","stdout_path":"/root/silentwitness/cases/rocba/index.db","elapsed_ms":3370.483954437077,"examiner":"analyst","model_used":"openai:gpt-5.2","model_token_count":{}}
{"ts":"2026-06-15T12:00:17.808112Z","audit_id":"sift-analyst-20260615-109","tool":"list_detections","params":{"limit":20},"result_summary":{"total":542704,"by_level":{"medium":542647,"low":57}},"result_sha256":"8fa0f244c4d14c67e9ab1d0221a9ef53bbb0d1a7ead1b708450f602fb539bc5d","stdout_path":"/root/silentwitness/cases/rocba/index.db","elapsed_ms":18175.3948982805,"examiner":"analyst","model_used":"openai:gpt-5.2","model_token_count":{}}
{"ts":"2026-06-15T12:00:22.534315Z","audit_id":"sift-analyst-20260615-112","tool":"search_evidence","params":{"query":"4624 AND LogonType 10","host":null,"source_tool":"sigma:medium"},"result_summary":{"hit_count":6},"result_sha256":"7b39165794d66bf88f0263dc9e5f8ae7e20451cbbef53e6c49c95be81a9e9304","stdout_path":"/root/silentwitness/cases/rocba/index.db","elapsed_ms":647.9174690321088,"examiner":"analyst","model_used":"openai:gpt-5.2","model_token_count":{}}
{"ts":"2026-06-15T12:00:47.902722Z","audit_id":"sift-analyst-20260615-117","tool":"search_evidence","params":{"query":"OneDrive OR Dropbox OR GoogleDriveFS OR rclone OR ftp","host":null,"source_tool":null},"result_summary":{"hit_count":20},"result_sha256":"03f4700dad760e1cdc8b72468c13f82b02b1642a66d6ac5394be9089d8c25edd","stdout_path":"/root/silentwitness/cases/rocba/index.db","elapsed_ms":510.9674306586385,"examiner":"analyst","model_used":"openai:gpt-5.2","model_token_count":{}}
{"ts":"2026-06-15T12:00:47.976164Z","audit_id":"sift-analyst-20260615-119","tool":"search_evidence","params":{"query":"SDELETE OR VSSADMIN OR WEvTUtil OR \"7z\" OR rar","host":null,"source_tool":null},"result_summary":{"hit_count":20},"result_sha256":"03f4700dad760e1cdc8b72468c13f82b02b1642a66d6ac5394be9089d8c25edd","stdout_path":"/root/silentwitness/cases/rocba/index.db","elapsed_ms":66.08220655471087,"examiner":"analyst","model_used":"openai:gpt-5.2","model_token_count":{}}
{"ts":"2026-06-15T12:01:18.893121Z","audit_id":"sift-analyst-20260615-125","tool":"search_evidence","params":{"query":"placeholder","host":null,"source_tool":"usnjrnl"},"result_summary":{"hit_count":10},"result_sha256":"3632cd6f1e2bb543dcaeea5dd51478a33c6aa22749ed36addcf01597a61ee5c7","stdout_path":"/root/silentwitness/cases/rocba/index.db","elapsed_ms":20.17585188150406,"examiner":"analyst","model_used":"openai:gpt-5.2","model_token_count":{}}
{"ts":"2026-06-15T12:01:26.133969Z","audit_id":"sift-analyst-20260615-128","tool":"search_evidence","params":{"query":"placeholder rar","host":null,"source_tool":"usnjrnl"},"result_summary":{"hit_count":1},"result_sha256":"b1c1244db92ef83764b866675f94aa57317d007389595067d707fc7b14219d87","stdout_path":"/root/silentwitness/cases/rocba/index.db","elapsed_ms":2.126668579876423,"examiner":"analyst","model_used":"openai:gpt-5.2","model_token_count":{}}
{"ts":"2026-06-15T12:01:41.887046Z","audit_id":"sift-analyst-20260615-134","tool":"search_evidence","params":{"query":"4624 AND \"Logon Type\" AND 10 AND (\"2020-11-10\" OR \"2020-11-14\")","host":null,"source_tool":null},"result_summary":{"hit_count":0},"result_sha256":"3f5033ea2cac5daf244f41db3592730e46261197a49382b97bea571537e1e199","stdout_path":"/root/silentwitness/cases/rocba/index.db","elapsed_ms":103.88273280113935,"examiner":"analyst","model_used":"openai:gpt-5.2","model_token_count":{}}
{"ts":"2026-06-15T12:01:45.810825Z","audit_id":"sift-analyst-20260615-136","tool":"search_evidence","params":{"query":"4624 AND (\"Logon Type\" OR LogonType) AND (10 OR \"10\") AND (\"2020-11-10\" OR \"2020-11-14\")","host":null,"source_tool":null},"result_summary":{"hit_count":8},"result_sha256":"6537fc8ecee5e72238cd62a76241508a93065e54eb258a768d99d051c4b76659","stdout_path":"/root/silentwitness/cases/rocba/index.db","elapsed_ms":555.7436784729362,"examiner":"analyst","model_used":"openai:gpt-5.2","model_token_count":{}}
{"ts":"2026-06-15T12:01:45.837386Z","audit_id":"sift-analyst-20260615-138","tool":"search_evidence","params":{"query":"\"Event ID\" 4624 AND \"Logon Type\" 10 AND (\"2020-11-10\" OR \"2020-11-14\")","host":null,"source_tool":null},"result_summary":{"hit_count":0},"result_sha256":"3f5033ea2cac5daf244f41db3592730e46261197a49382b97bea571537e1e199","stdout_path":"/root/silentwitness/cases/rocba/index.db","elapsed_ms":19.075381569564342,"examiner":"analyst","model_used":"openai:gpt-5.2","model_token_count":{}}
{"ts":"2026-06-15T12:01:47.374899Z","audit_id":"sift-analyst-20260615-140","tool":"search_evidence","params":{"query":"\"Microsoft-Windows-Security-Auditing\" AND 4624 AND 10 AND (\"2020-11-10\" OR \"2020-11-14\")","host":null,"source_tool":null},"result_summary":{"hit_count":4},"result_sha256":"c2d1137b691a5b3a3908b1c55e80932dd32f34d7c3ef3e5a5fdb19ba2d18ea46","stdout_path":"/root/silentwitness/cases/rocba/index.db","elapsed_ms":1532.3884719982743,"examiner":"analyst","model_used":"openai:gpt-5.2","model_token_count":{}}
{"ts":"2026-06-15T12:01:50.267716Z","audit_id":"sift-analyst-20260615-143","tool":"search_evidence","params":{"query":"\"2020-11-10\" AND \"EventID=4624\" AND \"LogonType=10\"","host":null,"source_tool":null},"result_summary":{"hit_count":0},"result_sha256":"3f5033ea2cac5daf244f41db3592730e46261197a49382b97bea571537e1e199","stdout_path":"/root/silentwitness/cases/rocba/index.db","elapsed_ms":46.762305311858654,"examiner":"analyst","model_used":"openai:gpt-5.2","model_token_count":{}}
{"ts":"2026-06-15T12:01:50.290903Z","audit_id":"sift-analyst-20260615-145","tool":"search_evidence","params":{"query":"\"2020-11-10\" AND \"RDP\" AND 4624","host":null,"source_tool":null},"result_summary":{"hit_count":0},"result_sha256":"3f5033ea2cac5daf244f41db3592730e46261197a49382b97bea571537e1e199","stdout_path":"/root/silentwitness/cases/rocba/index.db","elapsed_ms":13.492378406226635,"examiner":"analyst","model_used":"openai:gpt-5.2","model_token_count":{}}
{"ts":"2026-06-15T12:01:53.591522Z","audit_id":"sift-analyst-20260615-147","tool":"search_evidence","params":{"query":"\"2020-11-10\" AND \"EventID=4624\"","host":null,"source_tool":null},"result_summary":{"hit_count":0},"result_sha256":"3f5033ea2cac5daf244f41db3592730e46261197a49382b97bea571537e1e199","stdout_path":"/root/silentwitness/cases/rocba/index.db","elapsed_ms":32.90154132992029,"examiner":"analyst","model_used":"openai:gpt-5.2","model_token_count":{}}
{"ts":"2026-06-15T12:01:55.536991Z","audit_id":"sift-analyst-20260615-149","tool":"search_evidence","params":{"query":"(\"11/10/2020\" OR \"2020-11-10T\" OR \"2020-11-10 \") AND (4624)","host":null,"source_tool":null},"result_summary":{"hit_count":0},"result_sha256":"3f5033ea2cac5daf244f41db3592730e46261197a49382b97bea571537e1e199","stdout_path":"/root/silentwitness/cases/rocba/index.db","elapsed_ms":12.238302268087864,"examiner":"analyst","model_used":"openai:gpt-5.2","model_token_count":{}}
{"ts":"2026-06-15T12:01:59.592890Z","audit_id":"sift-analyst-20260615-151","tool":"search_evidence","params":{"query":"(4720 OR 4722 OR 4728 OR 4732 OR 4672 OR 4688 OR 1102) AND \"2020-11-14\"","host":null,"source_tool":null},"result_summary":{"hit_count":50},"result_sha256":"46d08518c0f42b5b40a79d3a6eb133bca5433c85733ee7f7fac993f85840ed04","stdout_path":"/root/silentwitness/cases/rocba/index.db","elapsed_ms":305.0896041095257,"examiner":"analyst","model_used":"openai:gpt-5.2","model_token_count":{}}
{"ts":"2026-06-15T12:01:59.613868Z","audit_id":"sift-analyst-20260615-153","tool":"search_evidence","params":{"query":"(4720 OR 4722 OR 4728 OR 4732 OR 4672 OR 4688 OR 1102) AND \"2020-11-10\"","host":null,"source_tool":null},"result_summary":{"hit_count":0},"result_sha256":"3f5033ea2cac5daf244f41db3592730e46261197a49382b97bea571537e1e199","stdout_path":"/root/silentwitness/cases/rocba/index.db","elapsed_ms":8.909565396606922,"examiner":"analyst","model_used":"openai:gpt-5.2","model_token_count":{}}
{"ts":"2026-06-15T12:01:59.653672Z","audit_id":"sift-analyst-20260615-155","tool":"search_evidence","params":{"query":"\"Microsoft-Windows-PowerShell\" AND (\"2020-11-14\" OR \"2020-11-10\")","host":null,"source_tool":null},"result_summary":{"hit_count":0},"result_sha256":"3f5033ea2cac5daf244f41db3592730e46261197a49382b97bea571537e1e199","stdout_path":"/root/silentwitness/cases/rocba/index.db","elapsed_ms":31.836196780204773,"examiner":"analyst","model_used":"openai:gpt-5.2","model_token_count":{}}
{"ts":"2026-06-15T12:02:05.116401Z","audit_id":"sift-analyst-20260615-157","tool":"get_record","params":{"record_id":2371066},"result_summary":{"found":true},"result_sha256":"e2a6cadcf46e91062e7d9e0c83813b5c3aa9915e14f6c08749372c6a0ccd0b67","stdout_path":"/root/silentwitness/cases/rocba/index.db","elapsed_ms":1.3543926179409027,"examiner":"analyst","model_used":"openai:gpt-5.2","model_token_count":{}}
{"ts":"2026-06-15T12:02:05.128887Z","audit_id":"sift-analyst-20260615-159","tool":"get_record","params":{"record_id":2374377},"result_summary":{"found":true},"result_sha256":"e2a6cadcf46e91062e7d9e0c83813b5c3aa9915e14f6c08749372c6a0ccd0b67","stdout_path":"/root/silentwitness/cases/rocba/index.db","elapsed_ms":1.7497865483164787,"examiner":"analyst","model_used":"openai:gpt-5.2","model_token_count":{}}
{"ts":"2026-06-15T12:02:05.159484Z","audit_id":"sift-analyst-20260615-161","tool":"search_evidence","params":{"query":"2371066 OR 0xe9d8981 OR 0xe9d8a05 OR 0xef01b99 OR 0xef01c24","host":null,"source_tool":null},"result_summary":{"hit_count":14},"result_sha256":"a839875c3a2d0285de0bb7635cdfb2f6326133671e63b35c5a8927f9994e1d58","stdout_path":"/root/silentwitness/cases/rocba/index.db","elapsed_ms":20.63771989196539,"examiner":"analyst","model_used":"openai:gpt-5.2","model_token_count":{}}
{"ts":"2026-06-15T12:02:07.533894Z","audit_id":"sift-analyst-20260615-163","tool":"search_evidence","params":{"query":"1102 AND (\"2020-11-14\" OR \"2020-11-10\")","host":null,"source_tool":null},"result_summary":{"hit_count":0},"result_sha256":"3f5033ea2cac5daf244f41db3592730e46261197a49382b97bea571537e1e199","stdout_path":"/root/silentwitness/cases/rocba/index.db","elapsed_ms":4.304765723645687,"examiner":"analyst","model_used":"openai:gpt-5.2","model_token_count":{}}
{"ts":"2026-06-15T12:02:09.085580Z","audit_id":"sift-analyst-20260615-165","tool":"search_evidence","params":{"query":"4688 AND \"2020-11-14T12:\"","host":null,"source_tool":null},"result_summary":{"hit_count":0},"result_sha256":"3f5033ea2cac5daf244f41db3592730e46261197a49382b97bea571537e1e199","stdout_path":"/root/silentwitness/cases/rocba/index.db","elapsed_ms":9.562501683831215,"examiner":"analyst","model_used":"openai:gpt-5.2","model_token_count":{}}
{"ts":"2026-06-15T12:02:10.501556Z","audit_id":"sift-analyst-20260615-167","tool":"search_evidence","params":{"query":"\"2020-11-10\"","host":null,"source_tool":null},"result_summary":{"hit_count":5},"result_sha256":"4ea91cf677897a301f99193544b7fdaada377e315336f6b1f87bcf022118925a","stdout_path":"/root/silentwitness/cases/rocba/index.db","elapsed_ms":67.39601586014032,"examiner":"analyst","model_used":"openai:gpt-5.2","model_token_count":{}}
{"ts":"2026-06-15T12:02:37.107983Z","audit_id":"sift-analyst-20260615-171","tool":"search_evidence","params":{"query":"(4720 OR 4722 OR 4728 OR 4732) AND \"2020-11-14T12:\"","host":null,"source_tool":null},"result_summary":{"hit_count":0},"result_sha256":"3f5033ea2cac5daf244f41db3592730e46261197a49382b97bea571537e1e199","stdout_path":"/root/silentwitness/cases/rocba/index.db","elapsed_ms":3.609800711274147,"examiner":"analyst","model_used":"openai:gpt-5.2","model_token_count":{}}
{"ts":"2026-06-15T12:02:44.335325Z","audit_id":"sift-analyst-20260615-173","tool":"search_evidence","params":{"query":"(\"Windows PowerShell\" OR \"Microsoft-Windows-PowerShell\") AND \"2020-11-14T12:\"","host":null,"source_tool":null},"result_summary":{"hit_count":0},"result_sha256":"3f5033ea2cac5daf244f41db3592730e46261197a49382b97bea571537e1e199","stdout_path":"/root/silentwitness/cases/rocba/index.db","elapsed_ms":5.845190957188606,"examiner":"analyst","model_used":"openai:gpt-5.2","model_token_count":{}}
{"ts":"2026-06-15T12:02:55.955352Z","audit_id":"sift-analyst-20260615-176","tool":"search_evidence","params":{"query":"1102 OR \"audit log was cleared\" OR \"cleared the audit log\"","host":null,"source_tool":null},"result_summary":{"hit_count":50},"result_sha256":"46d08518c0f42b5b40a79d3a6eb133bca5433c85733ee7f7fac993f85840ed04","stdout_path":"/root/silentwitness/cases/rocba/index.db","elapsed_ms":116.70325417071581,"examiner":"analyst","model_used":"openai:gpt-5.2","model_token_count":{}}
{"ts":"2026-06-15T12:03:06.490539Z","audit_id":"sift-analyst-20260615-179","tool":"get_record","params":{"record_id":2371072},"result_summary":{"found":true},"result_sha256":"e2a6cadcf46e91062e7d9e0c83813b5c3aa9915e14f6c08749372c6a0ccd0b67","stdout_path":"/root/silentwitness/cases/rocba/index.db","elapsed_ms":1.0789977386593819,"examiner":"analyst","model_used":"openai:gpt-5.2","model_token_count":{}}
{"ts":"2026-06-15T12:03:25.857047Z","audit_id":"sift-analyst-20260615-184","tool":"search_evidence","params":{"query":"\"RDP Interactive Logon\" AND (\"2020-11-10\" OR \"2020-11-14\")","host":null,"source_tool":null},"result_summary":{"hit_count":8},"result_sha256":"6537fc8ecee5e72238cd62a76241508a93065e54eb258a768d99d051c4b76659","stdout_path":"/root/silentwitness/cases/rocba/index.db","elapsed_ms":161.59582044929266,"examiner":"analyst","model_used":"openai:gpt-5.2","model_token_count":{}}
{"ts":"2026-06-15T12:04:08.322764Z","audit_id":"sift-analyst-20260615-187","tool":"search_evidence","params":{"query":"4672 fred","host":null,"source_tool":"sigma:medium"},"result_summary":{"hit_count":0},"result_sha256":"3f5033ea2cac5daf244f41db3592730e46261197a49382b97bea571537e1e199","stdout_path":"/root/silentwitness/cases/rocba/index.db","elapsed_ms":24.857903830707073,"examiner":"analyst","model_used":"openai:gpt-5.2","model_token_count":{}}
{"ts":"2026-06-15T12:04:24.148438Z","audit_id":"sift-analyst-20260615-189","tool":"get_record","params":{"record_id":2374383},"result_summary":{"found":true},"result_sha256":"e2a6cadcf46e91062e7d9e0c83813b5c3aa9915e14f6c08749372c6a0ccd0b67","stdout_path":"/root/silentwitness/cases/rocba/index.db","elapsed_ms":3.166244365274906,"examiner":"analyst","model_used":"openai:gpt-5.2","model_token_count":{}}
{"ts":"2026-06-15T12:25:51.368461Z","audit_id":"sift-analyst-20260615-191","tool":"list_detections","params":{"limit":20},"result_summary":{"total":542704,"by_level":{"medium":542647,"low":57}},"result_sha256":"8fa0f244c4d14c67e9ab1d0221a9ef53bbb0d1a7ead1b708450f602fb539bc5d","stdout_path":"/root/silentwitness/cases/rocba/index.db","elapsed_ms":9658.598086796701,"examiner":"analyst","model_used":"openai:gpt-5.2","model_token_count":{}}
{"ts":"2026-06-15T12:25:55.400618Z","audit_id":"sift-analyst-20260615-194","tool":"search_evidence","params":{"query":"4624 AND LogonType 10","host":null,"source_tool":"evtx:Security"},"result_summary":{"hit_count":20},"result_sha256":"03f4700dad760e1cdc8b72468c13f82b02b1642a66d6ac5394be9089d8c25edd","stdout_path":"/root/silentwitness/cases/rocba/index.db","elapsed_ms":312.2379072010517,"examiner":"analyst","model_used":"openai:gpt-5.2","model_token_count":{}}
{"ts":"2026-06-15T12:26:03.454063Z","audit_id":"sift-analyst-20260615-197","tool":"search_evidence","params":{"query":"4624 AND LogonType 3","host":null,"source_tool":"evtx:Security"},"result_summary":{"hit_count":13},"result_sha256":"d8db8dec6752a40c825a76ea188266cbcadc42bab04980f7b11eb3ccc0b7a21c","stdout_path":"/root/silentwitness/cases/rocba/index.db","elapsed_ms":252.16661021113396,"examiner":"analyst","model_used":"openai:gpt-5.2","model_token_count":{}}
{"ts":"2026-06-15T12:26:09.222457Z","audit_id":"sift-analyst-20260615-200","tool":"search_evidence","params":{"query":"4625 AND \"IpAddress=52.249.198.56\"","host":null,"source_tool":"evtx:Security"},"result_summary":{"hit_count":2},"result_sha256":"9b24de3a2d391f8cbb47c38518f7a30e4a9ed7dc9a587bca1d0c21a003b80ab5","stdout_path":"/root/silentwitness/cases/rocba/index.db","elapsed_ms":210.90748067945242,"examiner":"analyst","model_used":"openai:gpt-5.2","model_token_count":{}}
{"ts":"2026-06-15T12:26:33.433648Z","audit_id":"sift-analyst-20260615-206","tool":"search_evidence","params":{"query":"\"TargetUserName=fredr\" AND 4624","host":null,"source_tool":"evtx:Security"},"result_summary":{"hit_count":6},"result_sha256":"7b39165794d66bf88f0263dc9e5f8ae7e20451cbbef53e6c49c95be81a9e9304","stdout_path":"/root/silentwitness/cases/rocba/index.db","elapsed_ms":177.03165020793676,"examiner":"analyst","model_used":"openai:gpt-5.2","model_token_count":{}}
{"ts":"2026-06-15T12:26:36.746440Z","audit_id":"sift-analyst-20260615-209","tool":"search_evidence","params":{"query":"\"SRL-Projects\"","host":null,"source_tool":null},"result_summary":{"hit_count":20},"result_sha256":"03f4700dad760e1cdc8b72468c13f82b02b1642a66d6ac5394be9089d8c25edd","stdout_path":"/root/silentwitness/cases/rocba/index.db","elapsed_ms":55.31662609428167,"examiner":"analyst","model_used":"openai:gpt-5.2","model_token_count":{}}
{"ts":"2026-06-15T12:26:38.397821Z","audit_id":"sift-analyst-20260615-211","tool":"search_evidence","params":{"query":"\"LNK target=G:\\\\My Drive\\\\STARK-RESEARCH-LABS FOLDER\"","host":null,"source_tool":null},"result_summary":{"hit_count":20},"result_sha256":"03f4700dad760e1cdc8b72468c13f82b02b1642a66d6ac5394be9089d8c25edd","stdout_path":"/root/silentwitness/cases/rocba/index.db","elapsed_ms":73.96255806088448,"examiner":"analyst","model_used":"openai:gpt-5.2","model_token_count":{}}
{"ts":"2026-06-15T12:27:04.808761Z","audit_id":"sift-analyst-20260615-216","tool":"search_evidence","params":{"query":"4634 AND \"IpAddress=52.249.198.56\"","host":null,"source_tool":"evtx:Security"},"result_summary":{"hit_count":0},"result_sha256":"3f5033ea2cac5daf244f41db3592730e46261197a49382b97bea571537e1e199","stdout_path":"/root/silentwitness/cases/rocba/index.db","elapsed_ms":5.937550216913223,"examiner":"analyst","model_used":"openai:gpt-5.2","model_token_count":{}}
{"ts":"2026-06-15T12:27:04.850271Z","audit_id":"sift-analyst-20260615-218","tool":"search_evidence","params":{"query":"GoogleDriveFS","host":null,"source_tool":null},"result_summary":{"hit_count":20},"result_sha256":"03f4700dad760e1cdc8b72468c13f82b02b1642a66d6ac5394be9089d8c25edd","stdout_path":"/root/silentwitness/cases/rocba/index.db","elapsed_ms":34.208258613944054,"examiner":"analyst","model_used":"openai:gpt-5.2","model_token_count":{}}
{"ts":"2026-06-15T12:27:04.881218Z","audit_id":"sift-analyst-20260615-220","tool":"search_evidence","params":{"query":"\"G:\\\\My Drive\\\\STARK-RESEARCH-LABS FOLDER\" AND (zip OR 7z OR rar)","host":null,"source_tool":null},"result_summary":{"hit_count":0},"result_sha256":"3f5033ea2cac5daf244f41db3592730e46261197a49382b97bea571537e1e199","stdout_path":"/root/silentwitness/cases/rocba/index.db","elapsed_ms":23.929898627102375,"examiner":"analyst","model_used":"openai:gpt-5.2","model_token_count":{}}
{"ts":"2026-06-15T12:27:16.991190Z","audit_id":"sift-analyst-20260615-224","tool":"timeline","params":{"host":null,"source_tool":"evtx:Security"},"result_summary":{"count":10},"result_sha256":"0ab664d5059208caf469ca5dfd438b9f29fc5c8399e91a20a8fdbbef9307685c","stdout_path":"/root/silentwitness/cases/rocba/index.db","elapsed_ms":2605.1062401384115,"examiner":"analyst","model_used":"openai:gpt-5.2","model_token_count":{}}
{"ts":"2026-06-15T12:27:47.944592Z","audit_id":"sift-analyst-20260615-227","tool":"search_evidence","params":{"query":"Vibrainium","host":null,"source_tool":null},"result_summary":{"hit_count":20},"result_sha256":"03f4700dad760e1cdc8b72468c13f82b02b1642a66d6ac5394be9089d8c25edd","stdout_path":"/root/silentwitness/cases/rocba/index.db","elapsed_ms":21.444481797516346,"examiner":"analyst","model_used":"openai:gpt-5.2","model_token_count":{}}
{"ts":"2026-06-15T12:27:47.976978Z","audit_id":"sift-analyst-20260615-229","tool":"search_evidence","params":{"query":"\"RareEarthDeposits_Confidential\"","host":null,"source_tool":null},"result_summary":{"hit_count":15},"result_sha256":"c013eacd2049e19bb412034f3b7028c046ecc9b96e7de4470cb8555f08de1774","stdout_path":"/root/silentwitness/cases/rocba/index.db","elapsed_ms":24.528282694518566,"examiner":"analyst","model_used":"openai:gpt-5.2","model_token_count":{}}
{"ts":"2026-06-15T12:27:48.009182Z","audit_id":"sift-analyst-20260615-231","tool":"search_evidence","params":{"query":"\"Exported-PST\"","host":null,"source_tool":null},"result_summary":{"hit_count":16},"result_sha256":"7e82f3c0a848ab0a1c693586ac16cd243472a9b33991bc308a3d2100e9387d96","stdout_path":"/root/silentwitness/cases/rocba/index.db","elapsed_ms":25.082653388381004,"examiner":"analyst","model_used":"openai:gpt-5.2","model_token_count":{}}
{"ts":"2026-06-15T12:28:14.159627Z","audit_id":"sift-analyst-20260615-235","tool":"timeline","params":{"host":null,"source_tool":null},"result_summary":{"count":20},"result_sha256":"2bac7d3275fc0595485bddde192e12b4eceaf0d9d5ebaa5293695e9ee532563d","stdout_path":"/root/silentwitness/cases/rocba/index.db","elapsed_ms":1865.928272716701,"examiner":"analyst","model_used":"openai:gpt-5.2","model_token_count":{}}
{"ts":"2026-06-15T12:28:41.069119Z","audit_id":"sift-analyst-20260615-238","tool":"get_record","params":{"record_id":2301199},"result_summary":{"found":true},"result_sha256":"e2a6cadcf46e91062e7d9e0c83813b5c3aa9915e14f6c08749372c6a0ccd0b67","stdout_path":"/root/silentwitness/cases/rocba/index.db","elapsed_ms":1.2612668797373772,"examiner":"analyst","model_used":"openai:gpt-5.2","model_token_count":{}}
{"ts":"2026-06-15T12:28:41.078074Z","audit_id":"sift-analyst-20260615-240","tool":"get_record","params":{"record_id":2514435},"result_summary":{"found":true},"result_sha256":"e2a6cadcf46e91062e7d9e0c83813b5c3aa9915e14f6c08749372c6a0ccd0b67","stdout_path":"/root/silentwitness/cases/rocba/index.db","elapsed_ms":1.3663927093148232,"examiner":"analyst","model_used":"openai:gpt-5.2","model_token_count":{}}
{"ts":"2026-06-15T12:28:41.086812Z","audit_id":"sift-analyst-20260615-242","tool":"get_record","params":{"record_id":21200},"result_summary":{"found":true},"result_sha256":"e2a6cadcf46e91062e7d9e0c83813b5c3aa9915e14f6c08749372c6a0ccd0b67","stdout_path":"/root/silentwitness/cases/rocba/index.db","elapsed_ms":1.3877227902412415,"examiner":"analyst","model_used":"openai:gpt-5.2","model_token_count":{}}
{"ts":"2026-06-15T12:28:49.937841Z","audit_id":"sift-analyst-20260615-245","tool":"get_record","params":{"record_id":2301199},"result_summary":{"found":true},"result_sha256":"e2a6cadcf46e91062e7d9e0c83813b5c3aa9915e14f6c08749372c6a0ccd0b67","stdout_path":"/root/silentwitness/cases/rocba/index.db","elapsed_ms":1.328461803495884,"examiner":"analyst","model_used":"openai:gpt-5.2","model_token_count":{}}
{"ts":"2026-06-15T12:28:49.951579Z","audit_id":"sift-analyst-20260615-247","tool":"get_record","params":{"record_id":2514435},"result_summary":{"found":true},"result_sha256":"e2a6cadcf46e91062e7d9e0c83813b5c3aa9915e14f6c08749372c6a0ccd0b67","stdout_path":"/root/silentwitness/cases/rocba/index.db","elapsed_ms":1.3303766027092934,"examiner":"analyst","model_used":"openai:gpt-5.2","model_token_count":{}}
{"ts":"2026-06-15T12:28:49.962811Z","audit_id":"sift-analyst-20260615-249","tool":"get_record","params":{"record_id":21200},"result_summary":{"found":true},"result_sha256":"e2a6cadcf46e91062e7d9e0c83813b5c3aa9915e14f6c08749372c6a0ccd0b67","stdout_path":"/root/silentwitness/cases/rocba/index.db","elapsed_ms":1.4544660225510597,"examiner":"analyst","model_used":"openai:gpt-5.2","model_token_count":{}}
